{"d10404b45fe2329c0b59024937d91156":{"statistic":{"failed":0,"broken":6,"skipped":0,"passed":1,"unknown":0,"total":7},"items":[{"uid":"537a23e28e16ae1e","reportUrl":"http://localhost:8080/job/seleniumPython/13/allure/#testresult/537a23e28e16ae1e","status":"broken","statusDetails":"AttributeError: 'TestLogin' object has no attribute 'driver'","time":{"start":1721027745043,"stop":1721027745043,"duration":0}},{"uid":"bed25d9b4ae496fa","reportUrl":"http://localhost:8080/job/seleniumPython/12/allure/#testresult/bed25d9b4ae496fa","status":"broken","statusDetails":"AttributeError: 'TestLogin' object has no attribute 'driver'","time":{"start":1721027745043,"stop":1721027745043,"duration":0}},{"uid":"475f003a4aff8186","reportUrl":"http://localhost:8080/job/seleniumPython/11/allure/#testresult/475f003a4aff8186","status":"broken","statusDetails":"AttributeError: 'TestLogin' object has no attribute 'driver'","time":{"start":1721027745043,"stop":1721027745043,"duration":0}},{"uid":"6fa0889f15ed1c2c","reportUrl":"http://localhost:8080/job/seleniumPython/10/allure/#testresult/6fa0889f15ed1c2c","status":"broken","statusDetails":"AttributeError: 'TestLogin' object has no attribute 'driver'","time":{"start":1721027745043,"stop":1721027745043,"duration":0}},{"uid":"1083bfc693be4918","reportUrl":"http://localhost:8080/job/seleniumPython/8/allure/#testresult/1083bfc693be4918","status":"broken","statusDetails":"AttributeError: 'TestLogin' object has no attribute 'driver'","time":{"start":1721027745043,"stop":1721027745043,"duration":0}},{"uid":"bf3de3143ce53cfe","reportUrl":"http://localhost:8080/job/seleniumPython/7/allure/#testresult/bf3de3143ce53cfe","status":"broken","statusDetails":"AttributeError: 'TestLogin' object has no attribute 'driver'","time":{"start":1721027745043,"stop":1721027745043,"duration":0}},{"uid":"79242e640cdaf0eb","reportUrl":"http://localhost:8080/job/seleniumPython/6/allure/#testresult/79242e640cdaf0eb","status":"passed","time":{"start":1721016417927,"stop":1721016420739,"duration":2812}}]},"4e96d6e7442c6f05e9317ee924afd076":{"statistic":{"failed":2,"broken":7,"skipped":0,"passed":0,"unknown":0,"total":9},"items":[{"uid":"50a72a8386ce34d","reportUrl":"http://localhost:8080/job/seleniumPython/13/allure/#testresult/50a72a8386ce34d","status":"broken","statusDetails":"AttributeError: 'TestLogin' object has no attribute 'driver'","time":{"start":1721027745127,"stop":1721027745127,"duration":0}},{"uid":"fbc650294da86e2d","reportUrl":"http://localhost:8080/job/seleniumPython/12/allure/#testresult/fbc650294da86e2d","status":"broken","statusDetails":"AttributeError: 'TestLogin' object has no attribute 'driver'","time":{"start":1721027745127,"stop":1721027745127,"duration":0}},{"uid":"b1fcdb5999aa0fa1","reportUrl":"http://localhost:8080/job/seleniumPython/11/allure/#testresult/b1fcdb5999aa0fa1","status":"broken","statusDetails":"AttributeError: 'TestLogin' object has no attribute 'driver'","time":{"start":1721027745127,"stop":1721027745127,"duration":0}},{"uid":"9c13141ee0ef9da9","reportUrl":"http://localhost:8080/job/seleniumPython/10/allure/#testresult/9c13141ee0ef9da9","status":"broken","statusDetails":"AttributeError: 'TestLogin' object has no attribute 'driver'","time":{"start":1721027745127,"stop":1721027745127,"duration":0}},{"uid":"83ddaa7ae48b6375","reportUrl":"http://localhost:8080/job/seleniumPython/8/allure/#testresult/83ddaa7ae48b6375","status":"broken","statusDetails":"AttributeError: 'TestLogin' object has no attribute 'driver'","time":{"start":1721027745127,"stop":1721027745127,"duration":0}},{"uid":"d6dd08e4c8b6a8df","reportUrl":"http://localhost:8080/job/seleniumPython/7/allure/#testresult/d6dd08e4c8b6a8df","status":"broken","statusDetails":"AttributeError: 'TestLogin' object has no attribute 'driver'","time":{"start":1721027745127,"stop":1721027745127,"duration":0}},{"uid":"bc5bf4a9980b4284","reportUrl":"http://localhost:8080/job/seleniumPython/6/allure/#testresult/bc5bf4a9980b4284","status":"broken","statusDetails":"selenium.common.exceptions.NoSuchElementException: Message: no such element: Unable to locate element: {\"method\":\"xpath\",\"selector\":\"//div[@id=\"menu\"]//li//a[span[text()='Login']]\"}\n  (Session info: chrome=126.0.6478.127); For documentation on this error, please visit: https://www.selenium.dev/documentation/webdriver/troubleshooting/errors#no-such-element-exception\nStacktrace:\n\tGetHandleVerifier [0x00007FF7C189EEA2+31554]\n\t(No symbol) [0x00007FF7C1817ED9]\n\t(No symbol) [0x00007FF7C16D872A]\n\t(No symbol) [0x00007FF7C1728434]\n\t(No symbol) [0x00007FF7C172853C]\n\t(No symbol) [0x00007FF7C176F6A7]\n\t(No symbol) [0x00007FF7C174D06F]\n\t(No symbol) [0x00007FF7C176C977]\n\t(No symbol) [0x00007FF7C174CDD3]\n\t(No symbol) [0x00007FF7C171A33B]\n\t(No symbol) [0x00007FF7C171AED1]\n\tGetHandleVerifier [0x00007FF7C1BA8B1D+3217341]\n\tGetHandleVerifier [0x00007FF7C1BF5AE3+3532675]\n\tGetHandleVerifier [0x00007FF7C1BEB0E0+3489152]\n\tGetHandleVerifier [0x00007FF7C194E776+750614]\n\t(No symbol) [0x00007FF7C182375F]\n\t(No symbol) [0x00007FF7C181EB14]\n\t(No symbol) [0x00007FF7C181ECA2]\n\t(No symbol) [0x00007FF7C180E16F]\n\tBaseThreadInitThunk [0x00007FFA0949257D+29]\n\tRtlUserThreadStart [0x00007FFA0A60AF28+40]","time":{"start":1721016421249,"stop":1721016421256,"duration":7}},{"uid":"a9a79608018f5c12","reportUrl":"http://localhost:8080/job/seleniumPython/4/allure/#testresult/a9a79608018f5c12","status":"failed","statusDetails":"AssertionError: Time 1: Message doesn't display like expect.\nTime 2: Message doesn't display like expect.\nTime 3: Message doesn't display like expect.\nTime 4: Message doesn't display like expect.\nTime 5: Message doesn't display like expect.\nMessage which displays to info user that they will unable to login for 15m doesn't appears.","time":{"start":1720778346441,"stop":1720778357116,"duration":10675}},{"uid":"75b27e10cfa856a3","reportUrl":"http://localhost:8080/job/seleniumPython/3/allure/#testresult/75b27e10cfa856a3","status":"failed","statusDetails":"AssertionError: Time 1: Message doesn't display like expect.\nTime 2: Message doesn't display like expect.\nTime 3: Message doesn't display like expect.\nTime 4: Message doesn't display like expect.\nTime 5: Message doesn't display like expect.\nMessage which displays to info user that they will unable to login for 15m doesn't appears.","time":{"start":1720778346441,"stop":1720778357116,"duration":10675}}]},"a21f5f33d3c2177d5664c2f3507ce5ad":{"statistic":{"failed":0,"broken":0,"skipped":0,"passed":6,"unknown":0,"total":6},"items":[{"uid":"d52ab10f96950480","reportUrl":"http://localhost:8080/job/seleniumPython/13/allure/#testresult/d52ab10f96950480","status":"passed","time":{"start":1721027324860,"stop":1721027330059,"duration":5199}},{"uid":"fff0e920cdd070ce","reportUrl":"http://localhost:8080/job/seleniumPython/12/allure/#testresult/fff0e920cdd070ce","status":"passed","time":{"start":1721027324860,"stop":1721027330059,"duration":5199}},{"uid":"15a8f87a65828461","reportUrl":"http://localhost:8080/job/seleniumPython/11/allure/#testresult/15a8f87a65828461","status":"passed","time":{"start":1721027324860,"stop":1721027330059,"duration":5199}},{"uid":"3670d423cffff619","reportUrl":"http://localhost:8080/job/seleniumPython/10/allure/#testresult/3670d423cffff619","status":"passed","time":{"start":1721027324860,"stop":1721027330059,"duration":5199}},{"uid":"52f9c5f2dd36b18","reportUrl":"http://localhost:8080/job/seleniumPython/8/allure/#testresult/52f9c5f2dd36b18","status":"passed","time":{"start":1721027324860,"stop":1721027330059,"duration":5199}},{"uid":"6a987d53688a7099","reportUrl":"http://localhost:8080/job/seleniumPython/7/allure/#testresult/6a987d53688a7099","status":"passed","time":{"start":1721027324860,"stop":1721027330059,"duration":5199}}]},"17ceb60d17274733e0a18cdef782d0eb":{"statistic":{"failed":0,"broken":1,"skipped":0,"passed":4,"unknown":0,"total":5},"items":[{"uid":"6a081a8af82bcc58","reportUrl":"http://localhost:8080/job/seleniumPython/13/allure/#testresult/6a081a8af82bcc58","status":"passed","time":{"start":1721028255035,"stop":1721028260158,"duration":5123}},{"uid":"55f82f45f50f7560","reportUrl":"http://localhost:8080/job/seleniumPython/12/allure/#testresult/55f82f45f50f7560","status":"passed","time":{"start":1721028255035,"stop":1721028260158,"duration":5123}},{"uid":"f0cf4a325b5dc0b9","reportUrl":"http://localhost:8080/job/seleniumPython/11/allure/#testresult/f0cf4a325b5dc0b9","status":"passed","time":{"start":1721027941228,"stop":1721027945723,"duration":4495}},{"uid":"b65953af17a7d6f6","reportUrl":"http://localhost:8080/job/seleniumPython/10/allure/#testresult/b65953af17a7d6f6","status":"passed","time":{"start":1721027919842,"stop":1721027924638,"duration":4796}},{"uid":"fc122d2a445dd0be","reportUrl":"http://localhost:8080/job/seleniumPython/8/allure/#testresult/fc122d2a445dd0be","status":"broken","statusDetails":"AttributeError: 'TestLogout' object has no attribute 'driver'","time":{"start":1721027804362,"stop":1721027804362,"duration":0}}]},"d397ecc0df6d7a61cca2644e6510753f":{"statistic":{"failed":0,"broken":7,"skipped":0,"passed":0,"unknown":0,"total":7},"items":[{"uid":"fc1247ad62d1ee8e","reportUrl":"http://localhost:8080/job/seleniumPython/13/allure/#testresult/fc1247ad62d1ee8e","status":"broken","statusDetails":"AttributeError: 'TestLogin' object has no attribute 'driver'","time":{"start":1721027745131,"stop":1721027745131,"duration":0}},{"uid":"5ab0cdf44755357b","reportUrl":"http://localhost:8080/job/seleniumPython/12/allure/#testresult/5ab0cdf44755357b","status":"broken","statusDetails":"AttributeError: 'TestLogin' object has no attribute 'driver'","time":{"start":1721027745131,"stop":1721027745131,"duration":0}},{"uid":"2339790f50369fac","reportUrl":"http://localhost:8080/job/seleniumPython/11/allure/#testresult/2339790f50369fac","status":"broken","statusDetails":"AttributeError: 'TestLogin' object has no attribute 'driver'","time":{"start":1721027745131,"stop":1721027745131,"duration":0}},{"uid":"3c5168e87add9e28","reportUrl":"http://localhost:8080/job/seleniumPython/10/allure/#testresult/3c5168e87add9e28","status":"broken","statusDetails":"AttributeError: 'TestLogin' object has no attribute 'driver'","time":{"start":1721027745131,"stop":1721027745131,"duration":0}},{"uid":"1bd1d631b3c44369","reportUrl":"http://localhost:8080/job/seleniumPython/8/allure/#testresult/1bd1d631b3c44369","status":"broken","statusDetails":"AttributeError: 'TestLogin' object has no attribute 'driver'","time":{"start":1721027745131,"stop":1721027745131,"duration":0}},{"uid":"b3c2d7f569622e66","reportUrl":"http://localhost:8080/job/seleniumPython/7/allure/#testresult/b3c2d7f569622e66","status":"broken","statusDetails":"AttributeError: 'TestLogin' object has no attribute 'driver'","time":{"start":1721027745131,"stop":1721027745131,"duration":0}},{"uid":"3b9847b9b00b599","reportUrl":"http://localhost:8080/job/seleniumPython/6/allure/#testresult/3b9847b9b00b599","status":"broken","statusDetails":"selenium.common.exceptions.NoSuchElementException: Message: no such element: Unable to locate element: {\"method\":\"xpath\",\"selector\":\"//div[@id=\"menu\"]//li//a[span[text()='Register']]\"}\n  (Session info: chrome=126.0.6478.127); For documentation on this error, please visit: https://www.selenium.dev/documentation/webdriver/troubleshooting/errors#no-such-element-exception\nStacktrace:\n\tGetHandleVerifier [0x00007FF7C189EEA2+31554]\n\t(No symbol) [0x00007FF7C1817ED9]\n\t(No symbol) [0x00007FF7C16D872A]\n\t(No symbol) [0x00007FF7C1728434]\n\t(No symbol) [0x00007FF7C172853C]\n\t(No symbol) [0x00007FF7C176F6A7]\n\t(No symbol) [0x00007FF7C174D06F]\n\t(No symbol) [0x00007FF7C176C977]\n\t(No symbol) [0x00007FF7C174CDD3]\n\t(No symbol) [0x00007FF7C171A33B]\n\t(No symbol) [0x00007FF7C171AED1]\n\tGetHandleVerifier [0x00007FF7C1BA8B1D+3217341]\n\tGetHandleVerifier [0x00007FF7C1BF5AE3+3532675]\n\tGetHandleVerifier [0x00007FF7C1BEB0E0+3489152]\n\tGetHandleVerifier [0x00007FF7C194E776+750614]\n\t(No symbol) [0x00007FF7C182375F]\n\t(No symbol) [0x00007FF7C181EB14]\n\t(No symbol) [0x00007FF7C181ECA2]\n\t(No symbol) [0x00007FF7C180E16F]\n\tBaseThreadInitThunk [0x00007FFA0949257D+29]\n\tRtlUserThreadStart [0x00007FFA0A60AF28+40]","time":{"start":1721016421410,"stop":1721016428716,"duration":7306}}]},"100ccbdb43bda6e72274a719705810b8":{"statistic":{"failed":0,"broken":7,"skipped":0,"passed":0,"unknown":0,"total":7},"items":[{"uid":"b935ec093661ea69","reportUrl":"http://localhost:8080/job/seleniumPython/13/allure/#testresult/b935ec093661ea69","status":"broken","statusDetails":"AttributeError: 'TestLogin' object has no attribute 'driver'","time":{"start":1721027745111,"stop":1721027745111,"duration":0}},{"uid":"68d405ff562d1a2a","reportUrl":"http://localhost:8080/job/seleniumPython/12/allure/#testresult/68d405ff562d1a2a","status":"broken","statusDetails":"AttributeError: 'TestLogin' object has no attribute 'driver'","time":{"start":1721027745111,"stop":1721027745111,"duration":0}},{"uid":"5e181d8b0f672253","reportUrl":"http://localhost:8080/job/seleniumPython/11/allure/#testresult/5e181d8b0f672253","status":"broken","statusDetails":"AttributeError: 'TestLogin' object has no attribute 'driver'","time":{"start":1721027745111,"stop":1721027745111,"duration":0}},{"uid":"94ec3086271c9e3e","reportUrl":"http://localhost:8080/job/seleniumPython/10/allure/#testresult/94ec3086271c9e3e","status":"broken","statusDetails":"AttributeError: 'TestLogin' object has no attribute 'driver'","time":{"start":1721027745111,"stop":1721027745111,"duration":0}},{"uid":"247eae7ad5658c69","reportUrl":"http://localhost:8080/job/seleniumPython/8/allure/#testresult/247eae7ad5658c69","status":"broken","statusDetails":"AttributeError: 'TestLogin' object has no attribute 'driver'","time":{"start":1721027745111,"stop":1721027745111,"duration":0}},{"uid":"bef00b2adf20ec88","reportUrl":"http://localhost:8080/job/seleniumPython/7/allure/#testresult/bef00b2adf20ec88","status":"broken","statusDetails":"AttributeError: 'TestLogin' object has no attribute 'driver'","time":{"start":1721027745111,"stop":1721027745111,"duration":0}},{"uid":"ef409e410ce8d181","reportUrl":"http://localhost:8080/job/seleniumPython/6/allure/#testresult/ef409e410ce8d181","status":"broken","statusDetails":"selenium.common.exceptions.NoSuchElementException: Message: no such element: Unable to locate element: {\"method\":\"xpath\",\"selector\":\"//div[@id=\"menu\"]//li//a[span[text()='Login']]\"}\n  (Session info: chrome=126.0.6478.127); For documentation on this error, please visit: https://www.selenium.dev/documentation/webdriver/troubleshooting/errors#no-such-element-exception\nStacktrace:\n\tGetHandleVerifier [0x00007FF7C189EEA2+31554]\n\t(No symbol) [0x00007FF7C1817ED9]\n\t(No symbol) [0x00007FF7C16D872A]\n\t(No symbol) [0x00007FF7C1728434]\n\t(No symbol) [0x00007FF7C172853C]\n\t(No symbol) [0x00007FF7C176F6A7]\n\t(No symbol) [0x00007FF7C174D06F]\n\t(No symbol) [0x00007FF7C176C977]\n\t(No symbol) [0x00007FF7C174CDD3]\n\t(No symbol) [0x00007FF7C171A33B]\n\t(No symbol) [0x00007FF7C171AED1]\n\tGetHandleVerifier [0x00007FF7C1BA8B1D+3217341]\n\tGetHandleVerifier [0x00007FF7C1BF5AE3+3532675]\n\tGetHandleVerifier [0x00007FF7C1BEB0E0+3489152]\n\tGetHandleVerifier [0x00007FF7C194E776+750614]\n\t(No symbol) [0x00007FF7C182375F]\n\t(No symbol) [0x00007FF7C181EB14]\n\t(No symbol) [0x00007FF7C181ECA2]\n\t(No symbol) [0x00007FF7C180E16F]\n\tBaseThreadInitThunk [0x00007FFA0949257D+29]\n\tRtlUserThreadStart [0x00007FFA0A60AF28+40]","time":{"start":1721016421064,"stop":1721016421079,"duration":15}}]},"9293308197a351b7baa84daeb5311ddc":{"statistic":{"failed":0,"broken":0,"skipped":0,"passed":6,"unknown":0,"total":6},"items":[{"uid":"7ba4efaae1a5bbf1","reportUrl":"http://localhost:8080/job/seleniumPython/13/allure/#testresult/7ba4efaae1a5bbf1","status":"passed","time":{"start":1721027312849,"stop":1721027317370,"duration":4521}},{"uid":"6fe8d42d750e6288","reportUrl":"http://localhost:8080/job/seleniumPython/12/allure/#testresult/6fe8d42d750e6288","status":"passed","time":{"start":1721027312849,"stop":1721027317370,"duration":4521}},{"uid":"2a3889a1d021bd9f","reportUrl":"http://localhost:8080/job/seleniumPython/11/allure/#testresult/2a3889a1d021bd9f","status":"passed","time":{"start":1721027312849,"stop":1721027317370,"duration":4521}},{"uid":"f9a3e6dbf3126975","reportUrl":"http://localhost:8080/job/seleniumPython/10/allure/#testresult/f9a3e6dbf3126975","status":"passed","time":{"start":1721027312849,"stop":1721027317370,"duration":4521}},{"uid":"823c27865fa56325","reportUrl":"http://localhost:8080/job/seleniumPython/8/allure/#testresult/823c27865fa56325","status":"passed","time":{"start":1721027312849,"stop":1721027317370,"duration":4521}},{"uid":"cc7e8060174fd505","reportUrl":"http://localhost:8080/job/seleniumPython/7/allure/#testresult/cc7e8060174fd505","status":"passed","time":{"start":1721027312849,"stop":1721027317370,"duration":4521}}]},"a809d7fd581dde4ac42f8c02198dd762":{"statistic":{"failed":0,"broken":7,"skipped":0,"passed":0,"unknown":0,"total":7},"items":[{"uid":"45d4ab93c023957e","reportUrl":"http://localhost:8080/job/seleniumPython/13/allure/#testresult/45d4ab93c023957e","status":"broken","statusDetails":"AttributeError: 'TestLogin' object has no attribute 'driver'","time":{"start":1721027745111,"stop":1721027745111,"duration":0}},{"uid":"7f2ce762aea15cb7","reportUrl":"http://localhost:8080/job/seleniumPython/12/allure/#testresult/7f2ce762aea15cb7","status":"broken","statusDetails":"AttributeError: 'TestLogin' object has no attribute 'driver'","time":{"start":1721027745111,"stop":1721027745111,"duration":0}},{"uid":"8b09547eb09fb249","reportUrl":"http://localhost:8080/job/seleniumPython/11/allure/#testresult/8b09547eb09fb249","status":"broken","statusDetails":"AttributeError: 'TestLogin' object has no attribute 'driver'","time":{"start":1721027745111,"stop":1721027745111,"duration":0}},{"uid":"ad0f9f523d089cf8","reportUrl":"http://localhost:8080/job/seleniumPython/10/allure/#testresult/ad0f9f523d089cf8","status":"broken","statusDetails":"AttributeError: 'TestLogin' object has no attribute 'driver'","time":{"start":1721027745111,"stop":1721027745111,"duration":0}},{"uid":"3e03f3edd0620d34","reportUrl":"http://localhost:8080/job/seleniumPython/8/allure/#testresult/3e03f3edd0620d34","status":"broken","statusDetails":"AttributeError: 'TestLogin' object has no attribute 'driver'","time":{"start":1721027745111,"stop":1721027745111,"duration":0}},{"uid":"7c5f448d2a6a33c","reportUrl":"http://localhost:8080/job/seleniumPython/7/allure/#testresult/7c5f448d2a6a33c","status":"broken","statusDetails":"AttributeError: 'TestLogin' object has no attribute 'driver'","time":{"start":1721027745111,"stop":1721027745111,"duration":0}},{"uid":"d2a03a9912abde93","reportUrl":"http://localhost:8080/job/seleniumPython/6/allure/#testresult/d2a03a9912abde93","status":"broken","statusDetails":"selenium.common.exceptions.NoSuchElementException: Message: no such element: Unable to locate element: {\"method\":\"xpath\",\"selector\":\"//div[@id=\"menu\"]//li//a[span[text()='Login']]\"}\n  (Session info: chrome=126.0.6478.127); For documentation on this error, please visit: https://www.selenium.dev/documentation/webdriver/troubleshooting/errors#no-such-element-exception\nStacktrace:\n\tGetHandleVerifier [0x00007FF7C189EEA2+31554]\n\t(No symbol) [0x00007FF7C1817ED9]\n\t(No symbol) [0x00007FF7C16D872A]\n\t(No symbol) [0x00007FF7C1728434]\n\t(No symbol) [0x00007FF7C172853C]\n\t(No symbol) [0x00007FF7C176F6A7]\n\t(No symbol) [0x00007FF7C174D06F]\n\t(No symbol) [0x00007FF7C176C977]\n\t(No symbol) [0x00007FF7C174CDD3]\n\t(No symbol) [0x00007FF7C171A33B]\n\t(No symbol) [0x00007FF7C171AED1]\n\tGetHandleVerifier [0x00007FF7C1BA8B1D+3217341]\n\tGetHandleVerifier [0x00007FF7C1BF5AE3+3532675]\n\tGetHandleVerifier [0x00007FF7C1BEB0E0+3489152]\n\tGetHandleVerifier [0x00007FF7C194E776+750614]\n\t(No symbol) [0x00007FF7C182375F]\n\t(No symbol) [0x00007FF7C181EB14]\n\t(No symbol) [0x00007FF7C181ECA2]\n\t(No symbol) [0x00007FF7C180E16F]\n\tBaseThreadInitThunk [0x00007FFA0949257D+29]\n\tRtlUserThreadStart [0x00007FFA0A60AF28+40]","time":{"start":1721016420743,"stop":1721016420757,"duration":14}}]}}