{"uid":"3d72024cedf3b42e","name":"test_login_invalid_pwd","fullName":"tests.test_login.TestLogin#test_login_invalid_pwd","historyId":"100ccbdb43bda6e72274a719705810b8","time":{"start":1721027745111,"stop":1721027745111,"duration":0},"description":"\n        User cannot log into Railway with invalid password.\n        :return:\n        ","descriptionHtml":"<pre><code>    User cannot log into Railway with invalid password.\n    :return:\n</code></pre>\n","status":"broken","statusMessage":"AttributeError: 'TestLogin' object has no attribute 'driver'","statusTrace":"self = <tests.test_login.TestLogin object at 0x0000022E88E0EC10>\n\n    @pytest.fixture(autouse=True)\n    def classSetup(self):\n>       self.login_page = LoginPage(self.driver)\nE       AttributeError: 'TestLogin' object has no attribute 'driver'\n\ntests\\test_login.py:16: AttributeError","flaky":false,"newFailed":false,"newBroken":false,"newPassed":false,"retriesCount":17,"retriesStatusChange":true,"beforeStages":[{"name":"classSetup","time":{"start":1721027745121,"stop":1721027745121,"duration":0},"status":"broken","statusMessage":"AttributeError: 'TestLogin' object has no attribute 'driver'\n","statusTrace":"  File \"F:\\AGEST\\Selenium\\SeleniumPython\\.venv\\Lib\\site-packages\\pluggy\\_callers.py\", line 167, in _multicall\n    teardown.throw(outcome._exception)\n  File \"F:\\AGEST\\Selenium\\SeleniumPython\\.venv\\Lib\\site-packages\\_pytest\\setuponly.py\", line 36, in pytest_fixture_setup\n    return (yield)\n            ^^^^^\n  File \"F:\\AGEST\\Selenium\\SeleniumPython\\.venv\\Lib\\site-packages\\pluggy\\_callers.py\", line 103, in _multicall\n    res = hook_impl.function(*args)\n          ^^^^^^^^^^^^^^^^^^^^^^^^^\n  File \"F:\\AGEST\\Selenium\\SeleniumPython\\.venv\\Lib\\site-packages\\_pytest\\fixtures.py\", line 1125, in pytest_fixture_setup\n    result = call_fixture_func(fixturefunc, request, kwargs)\n             ^^^^^^^^^^^^^^^^^^^^^^^^^^^^^^^^^^^^^^^^^^^^^^^\n  File \"F:\\AGEST\\Selenium\\SeleniumPython\\.venv\\Lib\\site-packages\\_pytest\\fixtures.py\", line 887, in call_fixture_func\n    fixture_result = fixturefunc(**kwargs)\n                     ^^^^^^^^^^^^^^^^^^^^^\n  File \"F:\\AGEST\\Selenium\\SeleniumPython\\tests\\test_login.py\", line 16, in classSetup\n    self.login_page = LoginPage(self.driver)\n                                ^^^^^^^^^^^\n","steps":[],"attachments":[],"parameters":[],"stepsCount":0,"attachmentStep":false,"shouldDisplayMessage":true,"attachmentsCount":0,"hasContent":true}],"afterStages":[],"labels":[{"name":"tag","value":"@pytest.mark.usefixtures('setup_and_teardown')"},{"name":"parentSuite","value":"tests"},{"name":"suite","value":"test_login"},{"name":"subSuite","value":"TestLogin"},{"name":"host","value":"DUYEN"},{"name":"thread","value":"29668-MainThread"},{"name":"framework","value":"pytest"},{"name":"language","value":"cpython3"},{"name":"package","value":"tests.test_login"},{"name":"resultFormat","value":"allure2"}],"parameters":[],"links":[],"hidden":false,"retry":false,"extra":{"severity":"normal","retries":[{"uid":"c294d26f76a5b43e","status":"broken","statusDetails":"AttributeError: 'TestLogin' object has no attribute 'driver'","time":{"start":1721027653197,"stop":1721027653197,"duration":0}},{"uid":"ac41d7856f1a36c3","status":"broken","statusDetails":"AttributeError: cls not available in module-scoped context","time":{"start":1721027609795,"stop":1721027609795,"duration":0}},{"uid":"1c29cef4f48fe679","status":"broken","statusDetails":"selenium.common.exceptions.NoSuchElementException: Message: no such element: Unable to locate element: {\"method\":\"xpath\",\"selector\":\"//div[@id=\"menu\"]//li//a[span[text()='Login']]\"}\n  (Session info: chrome=126.0.6478.127); For documentation on this error, please visit: https://www.selenium.dev/documentation/webdriver/troubleshooting/errors#no-such-element-exception\nStacktrace:\n\tGetHandleVerifier [0x00007FF76958EEA2+31554]\n\t(No symbol) [0x00007FF769507ED9]\n\t(No symbol) [0x00007FF7693C872A]\n\t(No symbol) [0x00007FF769418434]\n\t(No symbol) [0x00007FF76941853C]\n\t(No symbol) [0x00007FF76945F6A7]\n\t(No symbol) [0x00007FF76943D06F]\n\t(No symbol) [0x00007FF76945C977]\n\t(No symbol) [0x00007FF76943CDD3]\n\t(No symbol) [0x00007FF76940A33B]\n\t(No symbol) [0x00007FF76940AED1]\n\tGetHandleVerifier [0x00007FF769898B1D+3217341]\n\tGetHandleVerifier [0x00007FF7698E5AE3+3532675]\n\tGetHandleVerifier [0x00007FF7698DB0E0+3489152]\n\tGetHandleVerifier [0x00007FF76963E776+750614]\n\t(No symbol) [0x00007FF76951375F]\n\t(No symbol) [0x00007FF76950EB14]\n\t(No symbol) [0x00007FF76950ECA2]\n\t(No symbol) [0x00007FF7694FE16F]\n\tBaseThreadInitThunk [0x00007FFA0949257D+29]\n\tRtlUserThreadStart [0x00007FFA0A60AF28+40]","time":{"start":1721027355556,"stop":1721027355563,"duration":7}},{"uid":"acbbde0782e5902","status":"broken","statusDetails":"TypeError: classSetup() missing 1 required positional argument: 'self'","time":{"start":1721027175800,"stop":1721027175800,"duration":0}},{"uid":"5198c7a094359b30","status":"broken","statusDetails":"AttributeError: 'TestLogin' object has no attribute 'driver'","time":{"start":1721026728030,"stop":1721026728030,"duration":0}},{"uid":"c6a4b068ac8e6c85","status":"broken","statusDetails":"selenium.common.exceptions.NoSuchElementException: Message: no such element: Unable to locate element: {\"method\":\"xpath\",\"selector\":\"//div[@id=\"menu\"]//li//a[span[text()='Login']]\"}\n  (Session info: chrome=126.0.6478.127); For documentation on this error, please visit: https://www.selenium.dev/documentation/webdriver/troubleshooting/errors#no-such-element-exception\nStacktrace:\n\tGetHandleVerifier [0x00007FF76958EEA2+31554]\n\t(No symbol) [0x00007FF769507ED9]\n\t(No symbol) [0x00007FF7693C872A]\n\t(No symbol) [0x00007FF769418434]\n\t(No symbol) [0x00007FF76941853C]\n\t(No symbol) [0x00007FF76945F6A7]\n\t(No symbol) [0x00007FF76943D06F]\n\t(No symbol) [0x00007FF76945C977]\n\t(No symbol) [0x00007FF76943CDD3]\n\t(No symbol) [0x00007FF76940A33B]\n\t(No symbol) [0x00007FF76940AED1]\n\tGetHandleVerifier [0x00007FF769898B1D+3217341]\n\tGetHandleVerifier [0x00007FF7698E5AE3+3532675]\n\tGetHandleVerifier [0x00007FF7698DB0E0+3489152]\n\tGetHandleVerifier [0x00007FF76963E776+750614]\n\t(No symbol) [0x00007FF76951375F]\n\t(No symbol) [0x00007FF76950EB14]\n\t(No symbol) [0x00007FF76950ECA2]\n\t(No symbol) [0x00007FF7694FE16F]\n\tBaseThreadInitThunk [0x00007FFA0949257D+29]\n\tRtlUserThreadStart [0x00007FFA0A60AF28+40]","time":{"start":1721026670474,"stop":1721026670480,"duration":6}},{"uid":"597dd8cabdabe409","status":"broken","statusDetails":"AttributeError: 'TestLogin' object has no attribute 'driver'","time":{"start":1721026310783,"stop":1721026310783,"duration":0}},{"uid":"520d8a397acfab06","status":"failed","statusDetails":"AssertionError: Message doesn't display like expected\nassert False\n +  where False = <bound method LoginPage.is_display_error_mes of <pages.login_page.LoginPage object at 0x000001888C073F90>>('There was a problem with your login and/or errors exist in your form.')\n +    where <bound method LoginPage.is_display_error_mes of <pages.login_page.LoginPage object at 0x000001888C073F90>> = <pages.login_page.LoginPage object at 0x000001888C073F90>.is_display_error_mes\n +      where <pages.login_page.LoginPage object at 0x000001888C073F90> = <tests.test_login.TestLogin object at 0x000001888C070250>.login_page\n +    and   'There was a problem with your login and/or errors exist in your form.' = get_message('login', 'error_login')","time":{"start":1721026187363,"stop":1721026189228,"duration":1865}},{"uid":"f6831185e8aec033","status":"broken","statusDetails":"AttributeError: 'TestLogin' object has no attribute 'driver'","time":{"start":1721026157030,"stop":1721026157030,"duration":0}},{"uid":"600bbb62d3d4bac3","status":"broken","statusDetails":"AttributeError: 'TestLogin' object has no attribute 'driver'","time":{"start":1721017793624,"stop":1721017793624,"duration":0}},{"uid":"de7e8c537d55774e","status":"failed","statusDetails":"AssertionError: Message doesn't display like expected\nassert False\n +  where False = <bound method LoginPage.is_display_error_mes of <pages.login_page.LoginPage object at 0x0000025721463AD0>>('There was a problem with your login and/or errors exist in your form.')\n +    where <bound method LoginPage.is_display_error_mes of <pages.login_page.LoginPage object at 0x0000025721463AD0>> = <pages.login_page.LoginPage object at 0x0000025721463AD0>.is_display_error_mes\n +      where <pages.login_page.LoginPage object at 0x0000025721463AD0> = <tests.test_login.TestLogin object at 0x00000257214602D0>.login_page\n +    and   'There was a problem with your login and/or errors exist in your form.' = get_message('login', 'error_login')","time":{"start":1721017031230,"stop":1721017033305,"duration":2075}},{"uid":"4862860419d42ea3","status":"failed","statusDetails":"AssertionError: Message doesn't display like expected\nassert False\n +  where False = <bound method LoginPage.is_display_error_mes of <pages.login_page.LoginPage object at 0x0000020C19486C10>>('There was a problem with your login and/or errors exist in your form.')\n +    where <bound method LoginPage.is_display_error_mes of <pages.login_page.LoginPage object at 0x0000020C19486C10>> = <pages.login_page.LoginPage object at 0x0000020C19486C10>.is_display_error_mes\n +      where <pages.login_page.LoginPage object at 0x0000020C19486C10> = <tests.test_login.TestLogin object at 0x0000020C19487D90>.login_page\n +    and   'There was a problem with your login and/or errors exist in your form.' = get_message('login', 'error_login')","time":{"start":1721016986918,"stop":1721016988906,"duration":1988}},{"uid":"7aa9c23808731eff","status":"failed","statusDetails":"AssertionError: Message doesn't display like expected\nassert False\n +  where False = <bound method LoginPage.is_display_error_mes of <pages.login_page.LoginPage object at 0x00000278AD610690>>('There was a problem with your login and/or errors exist in your form.')\n +    where <bound method LoginPage.is_display_error_mes of <pages.login_page.LoginPage object at 0x00000278AD610690>> = <pages.login_page.LoginPage object at 0x00000278AD610690>.is_display_error_mes\n +      where <pages.login_page.LoginPage object at 0x00000278AD610690> = <tests.test_login.TestLogin object at 0x00000278AD6001D0>.login_page\n +    and   'There was a problem with your login and/or errors exist in your form.' = get_message('login', 'error_login')","time":{"start":1721016929965,"stop":1721016931637,"duration":1672}},{"uid":"4aa1ef6ce756cef0","status":"broken","statusDetails":"selenium.common.exceptions.NoSuchElementException: Message: no such element: Unable to locate element: {\"method\":\"xpath\",\"selector\":\"//div[@id=\"menu\"]//li//a[span[text()='Login']]\"}\n  (Session info: chrome=126.0.6478.127); For documentation on this error, please visit: https://www.selenium.dev/documentation/webdriver/troubleshooting/errors#no-such-element-exception\nStacktrace:\n\tGetHandleVerifier [0x00007FF775BEEEA2+31554]\n\t(No symbol) [0x00007FF775B67ED9]\n\t(No symbol) [0x00007FF775A2872A]\n\t(No symbol) [0x00007FF775A78434]\n\t(No symbol) [0x00007FF775A7853C]\n\t(No symbol) [0x00007FF775ABF6A7]\n\t(No symbol) [0x00007FF775A9D06F]\n\t(No symbol) [0x00007FF775ABC977]\n\t(No symbol) [0x00007FF775A9CDD3]\n\t(No symbol) [0x00007FF775A6A33B]\n\t(No symbol) [0x00007FF775A6AED1]\n\tGetHandleVerifier [0x00007FF775EF8B1D+3217341]\n\tGetHandleVerifier [0x00007FF775F45AE3+3532675]\n\tGetHandleVerifier [0x00007FF775F3B0E0+3489152]\n\tGetHandleVerifier [0x00007FF775C9E776+750614]\n\t(No symbol) [0x00007FF775B7375F]\n\t(No symbol) [0x00007FF775B6EB14]\n\t(No symbol) [0x00007FF775B6ECA2]\n\t(No symbol) [0x00007FF775B5E16F]\n\tBaseThreadInitThunk [0x00007FFA0949257D+29]\n\tRtlUserThreadStart [0x00007FFA0A60AF28+40]","time":{"start":1721016793376,"stop":1721016793383,"duration":7}},{"uid":"1666e97657a56b9","status":"broken","statusDetails":"selenium.common.exceptions.NoSuchElementException: Message: no such element: Unable to locate element: {\"method\":\"xpath\",\"selector\":\"//div[@id=\"menu\"]//li//a[span[text()='Login']]\"}\n  (Session info: chrome=126.0.6478.127); For documentation on this error, please visit: https://www.selenium.dev/documentation/webdriver/troubleshooting/errors#no-such-element-exception\nStacktrace:\n\tGetHandleVerifier [0x00007FF775BEEEA2+31554]\n\t(No symbol) [0x00007FF775B67ED9]\n\t(No symbol) [0x00007FF775A2872A]\n\t(No symbol) [0x00007FF775A78434]\n\t(No symbol) [0x00007FF775A7853C]\n\t(No symbol) [0x00007FF775ABF6A7]\n\t(No symbol) [0x00007FF775A9D06F]\n\t(No symbol) [0x00007FF775ABC977]\n\t(No symbol) [0x00007FF775A9CDD3]\n\t(No symbol) [0x00007FF775A6A33B]\n\t(No symbol) [0x00007FF775A6AED1]\n\tGetHandleVerifier [0x00007FF775EF8B1D+3217341]\n\tGetHandleVerifier [0x00007FF775F45AE3+3532675]\n\tGetHandleVerifier [0x00007FF775F3B0E0+3489152]\n\tGetHandleVerifier [0x00007FF775C9E776+750614]\n\t(No symbol) [0x00007FF775B7375F]\n\t(No symbol) [0x00007FF775B6EB14]\n\t(No symbol) [0x00007FF775B6ECA2]\n\t(No symbol) [0x00007FF775B5E16F]\n\tBaseThreadInitThunk [0x00007FFA0949257D+29]\n\tRtlUserThreadStart [0x00007FFA0A60AF28+40]","time":{"start":1721016721142,"stop":1721016721150,"duration":8}},{"uid":"2b41d92bb0bce41d","status":"broken","statusDetails":"selenium.common.exceptions.NoSuchElementException: Message: no such element: Unable to locate element: {\"method\":\"xpath\",\"selector\":\"//div[@id=\"menu\"]//li//a[span[text()='Login']]\"}\n  (Session info: chrome=126.0.6478.127); For documentation on this error, please visit: https://www.selenium.dev/documentation/webdriver/troubleshooting/errors#no-such-element-exception\nStacktrace:\n\tGetHandleVerifier [0x00007FF70C54EEA2+31554]\n\t(No symbol) [0x00007FF70C4C7ED9]\n\t(No symbol) [0x00007FF70C38872A]\n\t(No symbol) [0x00007FF70C3D8434]\n\t(No symbol) [0x00007FF70C3D853C]\n\t(No symbol) [0x00007FF70C41F6A7]\n\t(No symbol) [0x00007FF70C3FD06F]\n\t(No symbol) [0x00007FF70C41C977]\n\t(No symbol) [0x00007FF70C3FCDD3]\n\t(No symbol) [0x00007FF70C3CA33B]\n\t(No symbol) [0x00007FF70C3CAED1]\n\tGetHandleVerifier [0x00007FF70C858B1D+3217341]\n\tGetHandleVerifier [0x00007FF70C8A5AE3+3532675]\n\tGetHandleVerifier [0x00007FF70C89B0E0+3489152]\n\tGetHandleVerifier [0x00007FF70C5FE776+750614]\n\t(No symbol) [0x00007FF70C4D375F]\n\t(No symbol) [0x00007FF70C4CEB14]\n\t(No symbol) [0x00007FF70C4CECA2]\n\t(No symbol) [0x00007FF70C4BE16F]\n\tBaseThreadInitThunk [0x00007FFA0949257D+29]\n\tRtlUserThreadStart [0x00007FFA0A60AF28+40]","time":{"start":1721016469705,"stop":1721016469705,"duration":0}},{"uid":"e7fd2d79970aa5b8","status":"broken","statusDetails":"selenium.common.exceptions.NoSuchElementException: Message: no such element: Unable to locate element: {\"method\":\"xpath\",\"selector\":\"//div[@id=\"menu\"]//li//a[span[text()='Login']]\"}\n  (Session info: chrome=126.0.6478.127); For documentation on this error, please visit: https://www.selenium.dev/documentation/webdriver/troubleshooting/errors#no-such-element-exception\nStacktrace:\n\tGetHandleVerifier [0x00007FF7C189EEA2+31554]\n\t(No symbol) [0x00007FF7C1817ED9]\n\t(No symbol) [0x00007FF7C16D872A]\n\t(No symbol) [0x00007FF7C1728434]\n\t(No symbol) [0x00007FF7C172853C]\n\t(No symbol) [0x00007FF7C176F6A7]\n\t(No symbol) [0x00007FF7C174D06F]\n\t(No symbol) [0x00007FF7C176C977]\n\t(No symbol) [0x00007FF7C174CDD3]\n\t(No symbol) [0x00007FF7C171A33B]\n\t(No symbol) [0x00007FF7C171AED1]\n\tGetHandleVerifier [0x00007FF7C1BA8B1D+3217341]\n\tGetHandleVerifier [0x00007FF7C1BF5AE3+3532675]\n\tGetHandleVerifier [0x00007FF7C1BEB0E0+3489152]\n\tGetHandleVerifier [0x00007FF7C194E776+750614]\n\t(No symbol) [0x00007FF7C182375F]\n\t(No symbol) [0x00007FF7C181EB14]\n\t(No symbol) [0x00007FF7C181ECA2]\n\t(No symbol) [0x00007FF7C180E16F]\n\tBaseThreadInitThunk [0x00007FFA0949257D+29]\n\tRtlUserThreadStart [0x00007FFA0A60AF28+40]","time":{"start":1721016421064,"stop":1721016421079,"duration":15}}],"categories":[{"name":"Test defects","matchedStatuses":[],"flaky":false}],"history":{"statistic":{"failed":0,"broken":8,"skipped":0,"passed":0,"unknown":0,"total":8},"items":[{"uid":"b935ec093661ea69","reportUrl":"http://localhost:8080/job/seleniumPython/13/allure/#testresult/b935ec093661ea69","status":"broken","statusDetails":"AttributeError: 'TestLogin' object has no attribute 'driver'","time":{"start":1721027745111,"stop":1721027745111,"duration":0}},{"uid":"68d405ff562d1a2a","reportUrl":"http://localhost:8080/job/seleniumPython/12/allure/#testresult/68d405ff562d1a2a","status":"broken","statusDetails":"AttributeError: 'TestLogin' object has no attribute 'driver'","time":{"start":1721027745111,"stop":1721027745111,"duration":0}},{"uid":"5e181d8b0f672253","reportUrl":"http://localhost:8080/job/seleniumPython/11/allure/#testresult/5e181d8b0f672253","status":"broken","statusDetails":"AttributeError: 'TestLogin' object has no attribute 'driver'","time":{"start":1721027745111,"stop":1721027745111,"duration":0}},{"uid":"94ec3086271c9e3e","reportUrl":"http://localhost:8080/job/seleniumPython/10/allure/#testresult/94ec3086271c9e3e","status":"broken","statusDetails":"AttributeError: 'TestLogin' object has no attribute 'driver'","time":{"start":1721027745111,"stop":1721027745111,"duration":0}},{"uid":"247eae7ad5658c69","reportUrl":"http://localhost:8080/job/seleniumPython/8/allure/#testresult/247eae7ad5658c69","status":"broken","statusDetails":"AttributeError: 'TestLogin' object has no attribute 'driver'","time":{"start":1721027745111,"stop":1721027745111,"duration":0}},{"uid":"bef00b2adf20ec88","reportUrl":"http://localhost:8080/job/seleniumPython/7/allure/#testresult/bef00b2adf20ec88","status":"broken","statusDetails":"AttributeError: 'TestLogin' object has no attribute 'driver'","time":{"start":1721027745111,"stop":1721027745111,"duration":0}},{"uid":"ef409e410ce8d181","reportUrl":"http://localhost:8080/job/seleniumPython/6/allure/#testresult/ef409e410ce8d181","status":"broken","statusDetails":"selenium.common.exceptions.NoSuchElementException: Message: no such element: Unable to locate element: {\"method\":\"xpath\",\"selector\":\"//div[@id=\"menu\"]//li//a[span[text()='Login']]\"}\n  (Session info: chrome=126.0.6478.127); For documentation on this error, please visit: https://www.selenium.dev/documentation/webdriver/troubleshooting/errors#no-such-element-exception\nStacktrace:\n\tGetHandleVerifier [0x00007FF7C189EEA2+31554]\n\t(No symbol) [0x00007FF7C1817ED9]\n\t(No symbol) [0x00007FF7C16D872A]\n\t(No symbol) [0x00007FF7C1728434]\n\t(No symbol) [0x00007FF7C172853C]\n\t(No symbol) [0x00007FF7C176F6A7]\n\t(No symbol) [0x00007FF7C174D06F]\n\t(No symbol) [0x00007FF7C176C977]\n\t(No symbol) [0x00007FF7C174CDD3]\n\t(No symbol) [0x00007FF7C171A33B]\n\t(No symbol) [0x00007FF7C171AED1]\n\tGetHandleVerifier [0x00007FF7C1BA8B1D+3217341]\n\tGetHandleVerifier [0x00007FF7C1BF5AE3+3532675]\n\tGetHandleVerifier [0x00007FF7C1BEB0E0+3489152]\n\tGetHandleVerifier [0x00007FF7C194E776+750614]\n\t(No symbol) [0x00007FF7C182375F]\n\t(No symbol) [0x00007FF7C181EB14]\n\t(No symbol) [0x00007FF7C181ECA2]\n\t(No symbol) [0x00007FF7C180E16F]\n\tBaseThreadInitThunk [0x00007FFA0949257D+29]\n\tRtlUserThreadStart [0x00007FFA0A60AF28+40]","time":{"start":1721016421064,"stop":1721016421079,"duration":15}}]},"tags":["@pytest.mark.usefixtures('setup_and_teardown')"]},"source":"3d72024cedf3b42e.json","parameterValues":[]}