{"uid":"7975d5bbee1b71a4","name":"test_acc_inactive","fullName":"tests.test_login.TestLogin#test_acc_inactive","historyId":"d397ecc0df6d7a61cca2644e6510753f","time":{"start":1721027745131,"stop":1721027745131,"duration":0},"description":"\n        User can't login with an account hasn't been activated.\n        :return:\n        ","descriptionHtml":"<pre><code>    User can't login with an account hasn't been activated.\n    :return:\n</code></pre>\n","status":"broken","statusMessage":"AttributeError: 'TestLogin' object has no attribute 'driver'","statusTrace":"self = <tests.test_login.TestLogin object at 0x0000022E88E0FA50>\n\n    @pytest.fixture(autouse=True)\n    def classSetup(self):\n>       self.login_page = LoginPage(self.driver)\nE       AttributeError: 'TestLogin' object has no attribute 'driver'\n\ntests\\test_login.py:16: AttributeError","flaky":false,"newFailed":false,"newBroken":false,"newPassed":false,"retriesCount":17,"retriesStatusChange":true,"beforeStages":[{"name":"classSetup","time":{"start":1721027745131,"stop":1721027745131,"duration":0},"status":"broken","statusMessage":"AttributeError: 'TestLogin' object has no attribute 'driver'\n","statusTrace":"  File \"F:\\AGEST\\Selenium\\SeleniumPython\\.venv\\Lib\\site-packages\\pluggy\\_callers.py\", line 167, in _multicall\n    teardown.throw(outcome._exception)\n  File \"F:\\AGEST\\Selenium\\SeleniumPython\\.venv\\Lib\\site-packages\\_pytest\\setuponly.py\", line 36, in pytest_fixture_setup\n    return (yield)\n            ^^^^^\n  File \"F:\\AGEST\\Selenium\\SeleniumPython\\.venv\\Lib\\site-packages\\pluggy\\_callers.py\", line 103, in _multicall\n    res = hook_impl.function(*args)\n          ^^^^^^^^^^^^^^^^^^^^^^^^^\n  File \"F:\\AGEST\\Selenium\\SeleniumPython\\.venv\\Lib\\site-packages\\_pytest\\fixtures.py\", line 1125, in pytest_fixture_setup\n    result = call_fixture_func(fixturefunc, request, kwargs)\n             ^^^^^^^^^^^^^^^^^^^^^^^^^^^^^^^^^^^^^^^^^^^^^^^\n  File \"F:\\AGEST\\Selenium\\SeleniumPython\\.venv\\Lib\\site-packages\\_pytest\\fixtures.py\", line 887, in call_fixture_func\n    fixture_result = fixturefunc(**kwargs)\n                     ^^^^^^^^^^^^^^^^^^^^^\n  File \"F:\\AGEST\\Selenium\\SeleniumPython\\tests\\test_login.py\", line 16, in classSetup\n    self.login_page = LoginPage(self.driver)\n                                ^^^^^^^^^^^\n","steps":[],"attachments":[],"parameters":[],"stepsCount":0,"attachmentStep":false,"shouldDisplayMessage":true,"attachmentsCount":0,"hasContent":true}],"afterStages":[],"labels":[{"name":"tag","value":"@pytest.mark.usefixtures('setup_and_teardown')"},{"name":"parentSuite","value":"tests"},{"name":"suite","value":"test_login"},{"name":"subSuite","value":"TestLogin"},{"name":"host","value":"DUYEN"},{"name":"thread","value":"29668-MainThread"},{"name":"framework","value":"pytest"},{"name":"language","value":"cpython3"},{"name":"package","value":"tests.test_login"},{"name":"resultFormat","value":"allure2"}],"parameters":[],"links":[],"hidden":false,"retry":false,"extra":{"severity":"normal","retries":[{"uid":"69fe4fcfee0128fa","status":"broken","statusDetails":"AttributeError: 'TestLogin' object has no attribute 'driver'","time":{"start":1721027653222,"stop":1721027653222,"duration":0}},{"uid":"685911008f5b7309","status":"broken","statusDetails":"AttributeError: cls not available in module-scoped context","time":{"start":1721027609828,"stop":1721027609828,"duration":0}},{"uid":"55660facc3115a83","status":"broken","statusDetails":"selenium.common.exceptions.NoSuchElementException: Message: no such element: Unable to locate element: {\"method\":\"xpath\",\"selector\":\"//div[@id=\"menu\"]//li//a[span[text()='Register']]\"}\n  (Session info: chrome=126.0.6478.127); For documentation on this error, please visit: https://www.selenium.dev/documentation/webdriver/troubleshooting/errors#no-such-element-exception\nStacktrace:\n\tGetHandleVerifier [0x00007FF76958EEA2+31554]\n\t(No symbol) [0x00007FF769507ED9]\n\t(No symbol) [0x00007FF7693C872A]\n\t(No symbol) [0x00007FF769418434]\n\t(No symbol) [0x00007FF76941853C]\n\t(No symbol) [0x00007FF76945F6A7]\n\t(No symbol) [0x00007FF76943D06F]\n\t(No symbol) [0x00007FF76945C977]\n\t(No symbol) [0x00007FF76943CDD3]\n\t(No symbol) [0x00007FF76940A33B]\n\t(No symbol) [0x00007FF76940AED1]\n\tGetHandleVerifier [0x00007FF769898B1D+3217341]\n\tGetHandleVerifier [0x00007FF7698E5AE3+3532675]\n\tGetHandleVerifier [0x00007FF7698DB0E0+3489152]\n\tGetHandleVerifier [0x00007FF76963E776+750614]\n\t(No symbol) [0x00007FF76951375F]\n\t(No symbol) [0x00007FF76950EB14]\n\t(No symbol) [0x00007FF76950ECA2]\n\t(No symbol) [0x00007FF7694FE16F]\n\tBaseThreadInitThunk [0x00007FFA0949257D+29]\n\tRtlUserThreadStart [0x00007FFA0A60AF28+40]","time":{"start":1721027356086,"stop":1721027363797,"duration":7711}},{"uid":"9b709b385944c6bc","status":"broken","statusDetails":"TypeError: classSetup() missing 1 required positional argument: 'self'","time":{"start":1721027193026,"stop":1721027193026,"duration":0}},{"uid":"1a7de07b5dfca278","status":"broken","statusDetails":"AttributeError: 'TestLogin' object has no attribute 'driver'","time":{"start":1721026728030,"stop":1721026728030,"duration":0}},{"uid":"667e009fac2b53d2","status":"broken","statusDetails":"selenium.common.exceptions.NoSuchElementException: Message: no such element: Unable to locate element: {\"method\":\"xpath\",\"selector\":\"//div[@id=\"menu\"]//li//a[span[text()='Register']]\"}\n  (Session info: chrome=126.0.6478.127); For documentation on this error, please visit: https://www.selenium.dev/documentation/webdriver/troubleshooting/errors#no-such-element-exception\nStacktrace:\n\tGetHandleVerifier [0x00007FF76958EEA2+31554]\n\t(No symbol) [0x00007FF769507ED9]\n\t(No symbol) [0x00007FF7693C872A]\n\t(No symbol) [0x00007FF769418434]\n\t(No symbol) [0x00007FF76941853C]\n\t(No symbol) [0x00007FF76945F6A7]\n\t(No symbol) [0x00007FF76943D06F]\n\t(No symbol) [0x00007FF76945C977]\n\t(No symbol) [0x00007FF76943CDD3]\n\t(No symbol) [0x00007FF76940A33B]\n\t(No symbol) [0x00007FF76940AED1]\n\tGetHandleVerifier [0x00007FF769898B1D+3217341]\n\tGetHandleVerifier [0x00007FF7698E5AE3+3532675]\n\tGetHandleVerifier [0x00007FF7698DB0E0+3489152]\n\tGetHandleVerifier [0x00007FF76963E776+750614]\n\t(No symbol) [0x00007FF76951375F]\n\t(No symbol) [0x00007FF76950EB14]\n\t(No symbol) [0x00007FF76950ECA2]\n\t(No symbol) [0x00007FF7694FE16F]\n\tBaseThreadInitThunk [0x00007FFA0949257D+29]\n\tRtlUserThreadStart [0x00007FFA0A60AF28+40]","time":{"start":1721026671004,"stop":1721026677622,"duration":6618}},{"uid":"e0596ab09ed2c0e7","status":"broken","statusDetails":"AttributeError: 'TestLogin' object has no attribute 'driver'","time":{"start":1721026310894,"stop":1721026310894,"duration":0}},{"uid":"14951f6bf140bd92","status":"passed","time":{"start":1721026198470,"stop":1721026209629,"duration":11159}},{"uid":"ab90e9d320b505c8","status":"broken","statusDetails":"AttributeError: 'TestLogin' object has no attribute 'driver'","time":{"start":1721026157146,"stop":1721026157146,"duration":0}},{"uid":"760e452fefa9d0fe","status":"broken","statusDetails":"AttributeError: 'TestLogin' object has no attribute 'driver'","time":{"start":1721017793734,"stop":1721017793734,"duration":0}},{"uid":"d262d669da798412","status":"broken","statusDetails":"selenium.common.exceptions.NoSuchElementException: Message: no such element: Unable to locate element: {\"method\":\"xpath\",\"selector\":\"//div[@id=\"menu\"]//li//a[span[text()='Register']]\"}\n  (Session info: chrome=126.0.6478.127); For documentation on this error, please visit: https://www.selenium.dev/documentation/webdriver/troubleshooting/errors#no-such-element-exception\nStacktrace:\n\tGetHandleVerifier [0x00007FF775BEEEA2+31554]\n\t(No symbol) [0x00007FF775B67ED9]\n\t(No symbol) [0x00007FF775A2872A]\n\t(No symbol) [0x00007FF775A78434]\n\t(No symbol) [0x00007FF775A7853C]\n\t(No symbol) [0x00007FF775ABF6A7]\n\t(No symbol) [0x00007FF775A9D06F]\n\t(No symbol) [0x00007FF775ABC977]\n\t(No symbol) [0x00007FF775A9CDD3]\n\t(No symbol) [0x00007FF775A6A33B]\n\t(No symbol) [0x00007FF775A6AED1]\n\tGetHandleVerifier [0x00007FF775EF8B1D+3217341]\n\tGetHandleVerifier [0x00007FF775F45AE3+3532675]\n\tGetHandleVerifier [0x00007FF775F3B0E0+3489152]\n\tGetHandleVerifier [0x00007FF775C9E776+750614]\n\t(No symbol) [0x00007FF775B7375F]\n\t(No symbol) [0x00007FF775B6EB14]\n\t(No symbol) [0x00007FF775B6ECA2]\n\t(No symbol) [0x00007FF775B5E16F]\n\tBaseThreadInitThunk [0x00007FFA0949257D+29]\n\tRtlUserThreadStart [0x00007FFA0A60AF28+40]","time":{"start":1721017033035,"stop":1721017040166,"duration":7131}},{"uid":"effd3f8dc0b5fe9f","status":"broken","statusDetails":"selenium.common.exceptions.NoSuchElementException: Message: no such element: Unable to locate element: {\"method\":\"xpath\",\"selector\":\"//div[@id=\"menu\"]//li//a[span[text()='Register']]\"}\n  (Session info: chrome=126.0.6478.127); For documentation on this error, please visit: https://www.selenium.dev/documentation/webdriver/troubleshooting/errors#no-such-element-exception\nStacktrace:\n\tGetHandleVerifier [0x00007FF775BEEEA2+31554]\n\t(No symbol) [0x00007FF775B67ED9]\n\t(No symbol) [0x00007FF775A2872A]\n\t(No symbol) [0x00007FF775A78434]\n\t(No symbol) [0x00007FF775A7853C]\n\t(No symbol) [0x00007FF775ABF6A7]\n\t(No symbol) [0x00007FF775A9D06F]\n\t(No symbol) [0x00007FF775ABC977]\n\t(No symbol) [0x00007FF775A9CDD3]\n\t(No symbol) [0x00007FF775A6A33B]\n\t(No symbol) [0x00007FF775A6AED1]\n\tGetHandleVerifier [0x00007FF775EF8B1D+3217341]\n\tGetHandleVerifier [0x00007FF775F45AE3+3532675]\n\tGetHandleVerifier [0x00007FF775F3B0E0+3489152]\n\tGetHandleVerifier [0x00007FF775C9E776+750614]\n\t(No symbol) [0x00007FF775B7375F]\n\t(No symbol) [0x00007FF775B6EB14]\n\t(No symbol) [0x00007FF775B6ECA2]\n\t(No symbol) [0x00007FF775B5E16F]\n\tBaseThreadInitThunk [0x00007FFA0949257D+29]\n\tRtlUserThreadStart [0x00007FFA0A60AF28+40]","time":{"start":1721016988244,"stop":1721016994684,"duration":6440}},{"uid":"4ddf0b5c27607cce","status":"passed","time":{"start":1721016941315,"stop":1721016953574,"duration":12259}},{"uid":"f6e67a1e20923f13","status":"broken","statusDetails":"selenium.common.exceptions.NoSuchElementException: Message: no such element: Unable to locate element: {\"method\":\"xpath\",\"selector\":\"//div[@id=\"menu\"]//li//a[span[text()='Register']]\"}\n  (Session info: chrome=126.0.6478.127); For documentation on this error, please visit: https://www.selenium.dev/documentation/webdriver/troubleshooting/errors#no-such-element-exception\nStacktrace:\n\tGetHandleVerifier [0x00007FF775BEEEA2+31554]\n\t(No symbol) [0x00007FF775B67ED9]\n\t(No symbol) [0x00007FF775A2872A]\n\t(No symbol) [0x00007FF775A78434]\n\t(No symbol) [0x00007FF775A7853C]\n\t(No symbol) [0x00007FF775ABF6A7]\n\t(No symbol) [0x00007FF775A9D06F]\n\t(No symbol) [0x00007FF775ABC977]\n\t(No symbol) [0x00007FF775A9CDD3]\n\t(No symbol) [0x00007FF775A6A33B]\n\t(No symbol) [0x00007FF775A6AED1]\n\tGetHandleVerifier [0x00007FF775EF8B1D+3217341]\n\tGetHandleVerifier [0x00007FF775F45AE3+3532675]\n\tGetHandleVerifier [0x00007FF775F3B0E0+3489152]\n\tGetHandleVerifier [0x00007FF775C9E776+750614]\n\t(No symbol) [0x00007FF775B7375F]\n\t(No symbol) [0x00007FF775B6EB14]\n\t(No symbol) [0x00007FF775B6ECA2]\n\t(No symbol) [0x00007FF775B5E16F]\n\tBaseThreadInitThunk [0x00007FFA0949257D+29]\n\tRtlUserThreadStart [0x00007FFA0A60AF28+40]","time":{"start":1721016793990,"stop":1721016801506,"duration":7516}},{"uid":"e71cbc4c12bd7bed","status":"broken","statusDetails":"selenium.common.exceptions.NoSuchElementException: Message: no such element: Unable to locate element: {\"method\":\"xpath\",\"selector\":\"//div[@id=\"menu\"]//li//a[span[text()='Register']]\"}\n  (Session info: chrome=126.0.6478.127); For documentation on this error, please visit: https://www.selenium.dev/documentation/webdriver/troubleshooting/errors#no-such-element-exception\nStacktrace:\n\tGetHandleVerifier [0x00007FF775BEEEA2+31554]\n\t(No symbol) [0x00007FF775B67ED9]\n\t(No symbol) [0x00007FF775A2872A]\n\t(No symbol) [0x00007FF775A78434]\n\t(No symbol) [0x00007FF775A7853C]\n\t(No symbol) [0x00007FF775ABF6A7]\n\t(No symbol) [0x00007FF775A9D06F]\n\t(No symbol) [0x00007FF775ABC977]\n\t(No symbol) [0x00007FF775A9CDD3]\n\t(No symbol) [0x00007FF775A6A33B]\n\t(No symbol) [0x00007FF775A6AED1]\n\tGetHandleVerifier [0x00007FF775EF8B1D+3217341]\n\tGetHandleVerifier [0x00007FF775F45AE3+3532675]\n\tGetHandleVerifier [0x00007FF775F3B0E0+3489152]\n\tGetHandleVerifier [0x00007FF775C9E776+750614]\n\t(No symbol) [0x00007FF775B7375F]\n\t(No symbol) [0x00007FF775B6EB14]\n\t(No symbol) [0x00007FF775B6ECA2]\n\t(No symbol) [0x00007FF775B5E16F]\n\tBaseThreadInitThunk [0x00007FFA0949257D+29]\n\tRtlUserThreadStart [0x00007FFA0A60AF28+40]","time":{"start":1721016721797,"stop":1721016730304,"duration":8507}},{"uid":"6c21dc734660fb1b","status":"broken","statusDetails":"selenium.common.exceptions.NoSuchElementException: Message: no such element: Unable to locate element: {\"method\":\"xpath\",\"selector\":\"//div[@id=\"menu\"]//li//a[span[text()='Register']]\"}\n  (Session info: chrome=126.0.6478.127); For documentation on this error, please visit: https://www.selenium.dev/documentation/webdriver/troubleshooting/errors#no-such-element-exception\nStacktrace:\n\tGetHandleVerifier [0x00007FF70C54EEA2+31554]\n\t(No symbol) [0x00007FF70C4C7ED9]\n\t(No symbol) [0x00007FF70C38872A]\n\t(No symbol) [0x00007FF70C3D8434]\n\t(No symbol) [0x00007FF70C3D853C]\n\t(No symbol) [0x00007FF70C41F6A7]\n\t(No symbol) [0x00007FF70C3FD06F]\n\t(No symbol) [0x00007FF70C41C977]\n\t(No symbol) [0x00007FF70C3FCDD3]\n\t(No symbol) [0x00007FF70C3CA33B]\n\t(No symbol) [0x00007FF70C3CAED1]\n\tGetHandleVerifier [0x00007FF70C858B1D+3217341]\n\tGetHandleVerifier [0x00007FF70C8A5AE3+3532675]\n\tGetHandleVerifier [0x00007FF70C89B0E0+3489152]\n\tGetHandleVerifier [0x00007FF70C5FE776+750614]\n\t(No symbol) [0x00007FF70C4D375F]\n\t(No symbol) [0x00007FF70C4CEB14]\n\t(No symbol) [0x00007FF70C4CECA2]\n\t(No symbol) [0x00007FF70C4BE16F]\n\tBaseThreadInitThunk [0x00007FFA0949257D+29]\n\tRtlUserThreadStart [0x00007FFA0A60AF28+40]","time":{"start":1721016470276,"stop":1721016476766,"duration":6490}},{"uid":"c0759ab035b4da06","status":"broken","statusDetails":"selenium.common.exceptions.NoSuchElementException: Message: no such element: Unable to locate element: {\"method\":\"xpath\",\"selector\":\"//div[@id=\"menu\"]//li//a[span[text()='Register']]\"}\n  (Session info: chrome=126.0.6478.127); For documentation on this error, please visit: https://www.selenium.dev/documentation/webdriver/troubleshooting/errors#no-such-element-exception\nStacktrace:\n\tGetHandleVerifier [0x00007FF7C189EEA2+31554]\n\t(No symbol) [0x00007FF7C1817ED9]\n\t(No symbol) [0x00007FF7C16D872A]\n\t(No symbol) [0x00007FF7C1728434]\n\t(No symbol) [0x00007FF7C172853C]\n\t(No symbol) [0x00007FF7C176F6A7]\n\t(No symbol) [0x00007FF7C174D06F]\n\t(No symbol) [0x00007FF7C176C977]\n\t(No symbol) [0x00007FF7C174CDD3]\n\t(No symbol) [0x00007FF7C171A33B]\n\t(No symbol) [0x00007FF7C171AED1]\n\tGetHandleVerifier [0x00007FF7C1BA8B1D+3217341]\n\tGetHandleVerifier [0x00007FF7C1BF5AE3+3532675]\n\tGetHandleVerifier [0x00007FF7C1BEB0E0+3489152]\n\tGetHandleVerifier [0x00007FF7C194E776+750614]\n\t(No symbol) [0x00007FF7C182375F]\n\t(No symbol) [0x00007FF7C181EB14]\n\t(No symbol) [0x00007FF7C181ECA2]\n\t(No symbol) [0x00007FF7C180E16F]\n\tBaseThreadInitThunk [0x00007FFA0949257D+29]\n\tRtlUserThreadStart [0x00007FFA0A60AF28+40]","time":{"start":1721016421410,"stop":1721016428716,"duration":7306}}],"categories":[{"name":"Test defects","matchedStatuses":[],"flaky":false}],"history":{"statistic":{"failed":0,"broken":8,"skipped":0,"passed":0,"unknown":0,"total":8},"items":[{"uid":"fc1247ad62d1ee8e","reportUrl":"http://localhost:8080/job/seleniumPython/13/allure/#testresult/fc1247ad62d1ee8e","status":"broken","statusDetails":"AttributeError: 'TestLogin' object has no attribute 'driver'","time":{"start":1721027745131,"stop":1721027745131,"duration":0}},{"uid":"5ab0cdf44755357b","reportUrl":"http://localhost:8080/job/seleniumPython/12/allure/#testresult/5ab0cdf44755357b","status":"broken","statusDetails":"AttributeError: 'TestLogin' object has no attribute 'driver'","time":{"start":1721027745131,"stop":1721027745131,"duration":0}},{"uid":"2339790f50369fac","reportUrl":"http://localhost:8080/job/seleniumPython/11/allure/#testresult/2339790f50369fac","status":"broken","statusDetails":"AttributeError: 'TestLogin' object has no attribute 'driver'","time":{"start":1721027745131,"stop":1721027745131,"duration":0}},{"uid":"3c5168e87add9e28","reportUrl":"http://localhost:8080/job/seleniumPython/10/allure/#testresult/3c5168e87add9e28","status":"broken","statusDetails":"AttributeError: 'TestLogin' object has no attribute 'driver'","time":{"start":1721027745131,"stop":1721027745131,"duration":0}},{"uid":"1bd1d631b3c44369","reportUrl":"http://localhost:8080/job/seleniumPython/8/allure/#testresult/1bd1d631b3c44369","status":"broken","statusDetails":"AttributeError: 'TestLogin' object has no attribute 'driver'","time":{"start":1721027745131,"stop":1721027745131,"duration":0}},{"uid":"b3c2d7f569622e66","reportUrl":"http://localhost:8080/job/seleniumPython/7/allure/#testresult/b3c2d7f569622e66","status":"broken","statusDetails":"AttributeError: 'TestLogin' object has no attribute 'driver'","time":{"start":1721027745131,"stop":1721027745131,"duration":0}},{"uid":"3b9847b9b00b599","reportUrl":"http://localhost:8080/job/seleniumPython/6/allure/#testresult/3b9847b9b00b599","status":"broken","statusDetails":"selenium.common.exceptions.NoSuchElementException: Message: no such element: Unable to locate element: {\"method\":\"xpath\",\"selector\":\"//div[@id=\"menu\"]//li//a[span[text()='Register']]\"}\n  (Session info: chrome=126.0.6478.127); For documentation on this error, please visit: https://www.selenium.dev/documentation/webdriver/troubleshooting/errors#no-such-element-exception\nStacktrace:\n\tGetHandleVerifier [0x00007FF7C189EEA2+31554]\n\t(No symbol) [0x00007FF7C1817ED9]\n\t(No symbol) [0x00007FF7C16D872A]\n\t(No symbol) [0x00007FF7C1728434]\n\t(No symbol) [0x00007FF7C172853C]\n\t(No symbol) [0x00007FF7C176F6A7]\n\t(No symbol) [0x00007FF7C174D06F]\n\t(No symbol) [0x00007FF7C176C977]\n\t(No symbol) [0x00007FF7C174CDD3]\n\t(No symbol) [0x00007FF7C171A33B]\n\t(No symbol) [0x00007FF7C171AED1]\n\tGetHandleVerifier [0x00007FF7C1BA8B1D+3217341]\n\tGetHandleVerifier [0x00007FF7C1BF5AE3+3532675]\n\tGetHandleVerifier [0x00007FF7C1BEB0E0+3489152]\n\tGetHandleVerifier [0x00007FF7C194E776+750614]\n\t(No symbol) [0x00007FF7C182375F]\n\t(No symbol) [0x00007FF7C181EB14]\n\t(No symbol) [0x00007FF7C181ECA2]\n\t(No symbol) [0x00007FF7C180E16F]\n\tBaseThreadInitThunk [0x00007FFA0949257D+29]\n\tRtlUserThreadStart [0x00007FFA0A60AF28+40]","time":{"start":1721016421410,"stop":1721016428716,"duration":7306}}]},"tags":["@pytest.mark.usefixtures('setup_and_teardown')"]},"source":"7975d5bbee1b71a4.json","parameterValues":[]}