{"uid":"99babb89143cfe00","name":"test_login_blank_mail","fullName":"tests.test_login.TestLogin#test_login_blank_mail","historyId":"a809d7fd581dde4ac42f8c02198dd762","time":{"start":1721027745111,"stop":1721027745111,"duration":0},"description":"\n        User cannot login with blank \"Username\" textbox.\n        :return:\n        ","descriptionHtml":"<pre><code>    User cannot login with blank &quot;Username&quot; textbox.\n    :return:\n</code></pre>\n","status":"broken","statusMessage":"AttributeError: 'TestLogin' object has no attribute 'driver'","statusTrace":"self = <tests.test_login.TestLogin object at 0x0000022E88E0E510>\n\n    @pytest.fixture(autouse=True)\n    def classSetup(self):\n>       self.login_page = LoginPage(self.driver)\nE       AttributeError: 'TestLogin' object has no attribute 'driver'\n\ntests\\test_login.py:16: AttributeError","flaky":false,"newFailed":false,"newBroken":false,"newPassed":false,"retriesCount":17,"retriesStatusChange":false,"beforeStages":[{"name":"classSetup","time":{"start":1721027745111,"stop":1721027745111,"duration":0},"status":"broken","statusMessage":"AttributeError: 'TestLogin' object has no attribute 'driver'\n","statusTrace":"  File \"F:\\AGEST\\Selenium\\SeleniumPython\\.venv\\Lib\\site-packages\\pluggy\\_callers.py\", line 167, in _multicall\n    teardown.throw(outcome._exception)\n  File \"F:\\AGEST\\Selenium\\SeleniumPython\\.venv\\Lib\\site-packages\\_pytest\\setuponly.py\", line 36, in pytest_fixture_setup\n    return (yield)\n            ^^^^^\n  File \"F:\\AGEST\\Selenium\\SeleniumPython\\.venv\\Lib\\site-packages\\pluggy\\_callers.py\", line 103, in _multicall\n    res = hook_impl.function(*args)\n          ^^^^^^^^^^^^^^^^^^^^^^^^^\n  File \"F:\\AGEST\\Selenium\\SeleniumPython\\.venv\\Lib\\site-packages\\_pytest\\fixtures.py\", line 1125, in pytest_fixture_setup\n    result = call_fixture_func(fixturefunc, request, kwargs)\n             ^^^^^^^^^^^^^^^^^^^^^^^^^^^^^^^^^^^^^^^^^^^^^^^\n  File \"F:\\AGEST\\Selenium\\SeleniumPython\\.venv\\Lib\\site-packages\\_pytest\\fixtures.py\", line 887, in call_fixture_func\n    fixture_result = fixturefunc(**kwargs)\n                     ^^^^^^^^^^^^^^^^^^^^^\n  File \"F:\\AGEST\\Selenium\\SeleniumPython\\tests\\test_login.py\", line 16, in classSetup\n    self.login_page = LoginPage(self.driver)\n                                ^^^^^^^^^^^\n","steps":[],"attachments":[],"parameters":[],"stepsCount":0,"attachmentStep":false,"shouldDisplayMessage":true,"attachmentsCount":0,"hasContent":true}],"afterStages":[],"labels":[{"name":"tag","value":"@pytest.mark.usefixtures('setup_and_teardown')"},{"name":"parentSuite","value":"tests"},{"name":"suite","value":"test_login"},{"name":"subSuite","value":"TestLogin"},{"name":"host","value":"DUYEN"},{"name":"thread","value":"29668-MainThread"},{"name":"framework","value":"pytest"},{"name":"language","value":"cpython3"},{"name":"package","value":"tests.test_login"},{"name":"resultFormat","value":"allure2"}],"parameters":[],"links":[],"hidden":false,"retry":false,"extra":{"severity":"normal","retries":[{"uid":"71e234dd08a9970e","status":"broken","statusDetails":"AttributeError: 'TestLogin' object has no attribute 'driver'","time":{"start":1721027653197,"stop":1721027653197,"duration":0}},{"uid":"8f13f127d5f07431","status":"broken","statusDetails":"AttributeError: cls not available in module-scoped context","time":{"start":1721027609777,"stop":1721027609777,"duration":0}},{"uid":"11ee7286eda48d79","status":"broken","statusDetails":"selenium.common.exceptions.NoSuchElementException: Message: no such element: Unable to locate element: {\"method\":\"xpath\",\"selector\":\"//div[@id=\"menu\"]//li//a[span[text()='Login']]\"}\n  (Session info: chrome=126.0.6478.127); For documentation on this error, please visit: https://www.selenium.dev/documentation/webdriver/troubleshooting/errors#no-such-element-exception\nStacktrace:\n\tGetHandleVerifier [0x00007FF76958EEA2+31554]\n\t(No symbol) [0x00007FF769507ED9]\n\t(No symbol) [0x00007FF7693C872A]\n\t(No symbol) [0x00007FF769418434]\n\t(No symbol) [0x00007FF76941853C]\n\t(No symbol) [0x00007FF76945F6A7]\n\t(No symbol) [0x00007FF76943D06F]\n\t(No symbol) [0x00007FF76945C977]\n\t(No symbol) [0x00007FF76943CDD3]\n\t(No symbol) [0x00007FF76940A33B]\n\t(No symbol) [0x00007FF76940AED1]\n\tGetHandleVerifier [0x00007FF769898B1D+3217341]\n\tGetHandleVerifier [0x00007FF7698E5AE3+3532675]\n\tGetHandleVerifier [0x00007FF7698DB0E0+3489152]\n\tGetHandleVerifier [0x00007FF76963E776+750614]\n\t(No symbol) [0x00007FF76951375F]\n\t(No symbol) [0x00007FF76950EB14]\n\t(No symbol) [0x00007FF76950ECA2]\n\t(No symbol) [0x00007FF7694FE16F]\n\tBaseThreadInitThunk [0x00007FFA0949257D+29]\n\tRtlUserThreadStart [0x00007FFA0A60AF28+40]","time":{"start":1721027355167,"stop":1721027355174,"duration":7}},{"uid":"85b94be533d6042","status":"broken","statusDetails":"TypeError: classSetup() missing 1 required positional argument: 'self'","time":{"start":1721027170790,"stop":1721027170790,"duration":0}},{"uid":"5b04867aea9650aa","status":"broken","statusDetails":"AttributeError: 'TestLogin' object has no attribute 'driver'","time":{"start":1721026728013,"stop":1721026728013,"duration":0}},{"uid":"1c564f7134bb11be","status":"broken","statusDetails":"selenium.common.exceptions.NoSuchElementException: Message: no such element: Unable to locate element: {\"method\":\"xpath\",\"selector\":\"//div[@id=\"menu\"]//li//a[span[text()='Login']]\"}\n  (Session info: chrome=126.0.6478.127); For documentation on this error, please visit: https://www.selenium.dev/documentation/webdriver/troubleshooting/errors#no-such-element-exception\nStacktrace:\n\tGetHandleVerifier [0x00007FF76958EEA2+31554]\n\t(No symbol) [0x00007FF769507ED9]\n\t(No symbol) [0x00007FF7693C872A]\n\t(No symbol) [0x00007FF769418434]\n\t(No symbol) [0x00007FF76941853C]\n\t(No symbol) [0x00007FF76945F6A7]\n\t(No symbol) [0x00007FF76943D06F]\n\t(No symbol) [0x00007FF76945C977]\n\t(No symbol) [0x00007FF76943CDD3]\n\t(No symbol) [0x00007FF76940A33B]\n\t(No symbol) [0x00007FF76940AED1]\n\tGetHandleVerifier [0x00007FF769898B1D+3217341]\n\tGetHandleVerifier [0x00007FF7698E5AE3+3532675]\n\tGetHandleVerifier [0x00007FF7698DB0E0+3489152]\n\tGetHandleVerifier [0x00007FF76963E776+750614]\n\t(No symbol) [0x00007FF76951375F]\n\t(No symbol) [0x00007FF76950EB14]\n\t(No symbol) [0x00007FF76950ECA2]\n\t(No symbol) [0x00007FF7694FE16F]\n\tBaseThreadInitThunk [0x00007FFA0949257D+29]\n\tRtlUserThreadStart [0x00007FFA0A60AF28+40]","time":{"start":1721026670115,"stop":1721026670132,"duration":17}},{"uid":"e81e61e366b9f96a","status":"broken","statusDetails":"AttributeError: 'TestLogin' object has no attribute 'driver'","time":{"start":1721026310878,"stop":1721026310878,"duration":0}},{"uid":"83e4888b65014075","status":"broken","statusDetails":"selenium.common.exceptions.NoSuchElementException: Message: no such element: Unable to locate element: {\"method\":\"xpath\",\"selector\":\"//div[@id=\"menu\"]//li//a[span[text()='Login']]\"}\n  (Session info: chrome=126.0.6478.127); For documentation on this error, please visit: https://www.selenium.dev/documentation/webdriver/troubleshooting/errors#no-such-element-exception\nStacktrace:\n\tGetHandleVerifier [0x00007FF784EBEEA2+31554]\n\t(No symbol) [0x00007FF784E37ED9]\n\t(No symbol) [0x00007FF784CF872A]\n\t(No symbol) [0x00007FF784D48434]\n\t(No symbol) [0x00007FF784D4853C]\n\t(No symbol) [0x00007FF784D8F6A7]\n\t(No symbol) [0x00007FF784D6D06F]\n\t(No symbol) [0x00007FF784D8C977]\n\t(No symbol) [0x00007FF784D6CDD3]\n\t(No symbol) [0x00007FF784D3A33B]\n\t(No symbol) [0x00007FF784D3AED1]\n\tGetHandleVerifier [0x00007FF7851C8B1D+3217341]\n\tGetHandleVerifier [0x00007FF785215AE3+3532675]\n\tGetHandleVerifier [0x00007FF78520B0E0+3489152]\n\tGetHandleVerifier [0x00007FF784F6E776+750614]\n\t(No symbol) [0x00007FF784E4375F]\n\t(No symbol) [0x00007FF784E3EB14]\n\t(No symbol) [0x00007FF784E3ECA2]\n\t(No symbol) [0x00007FF784E2E16F]\n\tBaseThreadInitThunk [0x00007FFA0949257D+29]\n\tRtlUserThreadStart [0x00007FFA0A60AF28+40]","time":{"start":1721026189750,"stop":1721026189757,"duration":7}},{"uid":"df51e6ac24ea01f7","status":"broken","statusDetails":"AttributeError: 'TestLogin' object has no attribute 'driver'","time":{"start":1721026157137,"stop":1721026157137,"duration":0}},{"uid":"df38655cb13ce7dd","status":"broken","statusDetails":"AttributeError: 'TestLogin' object has no attribute 'driver'","time":{"start":1721017793718,"stop":1721017793718,"duration":0}},{"uid":"240cca993c677ffa","status":"broken","statusDetails":"selenium.common.exceptions.NoSuchElementException: Message: no such element: Unable to locate element: {\"method\":\"xpath\",\"selector\":\"//div[@id=\"menu\"]//li//a[span[text()='Login']]\"}\n  (Session info: chrome=126.0.6478.127); For documentation on this error, please visit: https://www.selenium.dev/documentation/webdriver/troubleshooting/errors#no-such-element-exception\nStacktrace:\n\tGetHandleVerifier [0x00007FF775BEEEA2+31554]\n\t(No symbol) [0x00007FF775B67ED9]\n\t(No symbol) [0x00007FF775A2872A]\n\t(No symbol) [0x00007FF775A78434]\n\t(No symbol) [0x00007FF775A7853C]\n\t(No symbol) [0x00007FF775ABF6A7]\n\t(No symbol) [0x00007FF775A9D06F]\n\t(No symbol) [0x00007FF775ABC977]\n\t(No symbol) [0x00007FF775A9CDD3]\n\t(No symbol) [0x00007FF775A6A33B]\n\t(No symbol) [0x00007FF775A6AED1]\n\tGetHandleVerifier [0x00007FF775EF8B1D+3217341]\n\tGetHandleVerifier [0x00007FF775F45AE3+3532675]\n\tGetHandleVerifier [0x00007FF775F3B0E0+3489152]\n\tGetHandleVerifier [0x00007FF775C9E776+750614]\n\t(No symbol) [0x00007FF775B7375F]\n\t(No symbol) [0x00007FF775B6EB14]\n\t(No symbol) [0x00007FF775B6ECA2]\n\t(No symbol) [0x00007FF775B5E16F]\n\tBaseThreadInitThunk [0x00007FFA0949257D+29]\n\tRtlUserThreadStart [0x00007FFA0A60AF28+40]","time":{"start":1721017032620,"stop":1721017032622,"duration":2}},{"uid":"5a3ee6bdcce1c0d4","status":"broken","statusDetails":"selenium.common.exceptions.NoSuchElementException: Message: no such element: Unable to locate element: {\"method\":\"xpath\",\"selector\":\"//div[@id=\"menu\"]//li//a[span[text()='Login']]\"}\n  (Session info: chrome=126.0.6478.127); For documentation on this error, please visit: https://www.selenium.dev/documentation/webdriver/troubleshooting/errors#no-such-element-exception\nStacktrace:\n\tGetHandleVerifier [0x00007FF775BEEEA2+31554]\n\t(No symbol) [0x00007FF775B67ED9]\n\t(No symbol) [0x00007FF775A2872A]\n\t(No symbol) [0x00007FF775A78434]\n\t(No symbol) [0x00007FF775A7853C]\n\t(No symbol) [0x00007FF775ABF6A7]\n\t(No symbol) [0x00007FF775A9D06F]\n\t(No symbol) [0x00007FF775ABC977]\n\t(No symbol) [0x00007FF775A9CDD3]\n\t(No symbol) [0x00007FF775A6A33B]\n\t(No symbol) [0x00007FF775A6AED1]\n\tGetHandleVerifier [0x00007FF775EF8B1D+3217341]\n\tGetHandleVerifier [0x00007FF775F45AE3+3532675]\n\tGetHandleVerifier [0x00007FF775F3B0E0+3489152]\n\tGetHandleVerifier [0x00007FF775C9E776+750614]\n\t(No symbol) [0x00007FF775B7375F]\n\t(No symbol) [0x00007FF775B6EB14]\n\t(No symbol) [0x00007FF775B6ECA2]\n\t(No symbol) [0x00007FF775B5E16F]\n\tBaseThreadInitThunk [0x00007FFA0949257D+29]\n\tRtlUserThreadStart [0x00007FFA0A60AF28+40]","time":{"start":1721016987808,"stop":1721016987818,"duration":10}},{"uid":"5a5b0202441c7b46","status":"broken","statusDetails":"selenium.common.exceptions.NoSuchElementException: Message: no such element: Unable to locate element: {\"method\":\"xpath\",\"selector\":\"//div[@id=\"menu\"]//li//a[span[text()='Login']]\"}\n  (Session info: chrome=126.0.6478.127); For documentation on this error, please visit: https://www.selenium.dev/documentation/webdriver/troubleshooting/errors#no-such-element-exception\nStacktrace:\n\tGetHandleVerifier [0x00007FF775BEEEA2+31554]\n\t(No symbol) [0x00007FF775B67ED9]\n\t(No symbol) [0x00007FF775A2872A]\n\t(No symbol) [0x00007FF775A78434]\n\t(No symbol) [0x00007FF775A7853C]\n\t(No symbol) [0x00007FF775ABF6A7]\n\t(No symbol) [0x00007FF775A9D06F]\n\t(No symbol) [0x00007FF775ABC977]\n\t(No symbol) [0x00007FF775A9CDD3]\n\t(No symbol) [0x00007FF775A6A33B]\n\t(No symbol) [0x00007FF775A6AED1]\n\tGetHandleVerifier [0x00007FF775EF8B1D+3217341]\n\tGetHandleVerifier [0x00007FF775F45AE3+3532675]\n\tGetHandleVerifier [0x00007FF775F3B0E0+3489152]\n\tGetHandleVerifier [0x00007FF775C9E776+750614]\n\t(No symbol) [0x00007FF775B7375F]\n\t(No symbol) [0x00007FF775B6EB14]\n\t(No symbol) [0x00007FF775B6ECA2]\n\t(No symbol) [0x00007FF775B5E16F]\n\tBaseThreadInitThunk [0x00007FFA0949257D+29]\n\tRtlUserThreadStart [0x00007FFA0A60AF28+40]","time":{"start":1721016957202,"stop":1721016957213,"duration":11}},{"uid":"cf37ddf1558ea87c","status":"broken","statusDetails":"selenium.common.exceptions.NoSuchElementException: Message: no such element: Unable to locate element: {\"method\":\"xpath\",\"selector\":\"//div[@id=\"menu\"]//li//a[span[text()='Login']]\"}\n  (Session info: chrome=126.0.6478.127); For documentation on this error, please visit: https://www.selenium.dev/documentation/webdriver/troubleshooting/errors#no-such-element-exception\nStacktrace:\n\tGetHandleVerifier [0x00007FF775BEEEA2+31554]\n\t(No symbol) [0x00007FF775B67ED9]\n\t(No symbol) [0x00007FF775A2872A]\n\t(No symbol) [0x00007FF775A78434]\n\t(No symbol) [0x00007FF775A7853C]\n\t(No symbol) [0x00007FF775ABF6A7]\n\t(No symbol) [0x00007FF775A9D06F]\n\t(No symbol) [0x00007FF775ABC977]\n\t(No symbol) [0x00007FF775A9CDD3]\n\t(No symbol) [0x00007FF775A6A33B]\n\t(No symbol) [0x00007FF775A6AED1]\n\tGetHandleVerifier [0x00007FF775EF8B1D+3217341]\n\tGetHandleVerifier [0x00007FF775F45AE3+3532675]\n\tGetHandleVerifier [0x00007FF775F3B0E0+3489152]\n\tGetHandleVerifier [0x00007FF775C9E776+750614]\n\t(No symbol) [0x00007FF775B7375F]\n\t(No symbol) [0x00007FF775B6EB14]\n\t(No symbol) [0x00007FF775B6ECA2]\n\t(No symbol) [0x00007FF775B5E16F]\n\tBaseThreadInitThunk [0x00007FFA0949257D+29]\n\tRtlUserThreadStart [0x00007FFA0A60AF28+40]","time":{"start":1721016792951,"stop":1721016792968,"duration":17}},{"uid":"2fafc5c73a5ed4be","status":"broken","statusDetails":"selenium.common.exceptions.NoSuchElementException: Message: no such element: Unable to locate element: {\"method\":\"xpath\",\"selector\":\"//div[@id=\"menu\"]//li//a[span[text()='Login']]\"}\n  (Session info: chrome=126.0.6478.127); For documentation on this error, please visit: https://www.selenium.dev/documentation/webdriver/troubleshooting/errors#no-such-element-exception\nStacktrace:\n\tGetHandleVerifier [0x00007FF775BEEEA2+31554]\n\t(No symbol) [0x00007FF775B67ED9]\n\t(No symbol) [0x00007FF775A2872A]\n\t(No symbol) [0x00007FF775A78434]\n\t(No symbol) [0x00007FF775A7853C]\n\t(No symbol) [0x00007FF775ABF6A7]\n\t(No symbol) [0x00007FF775A9D06F]\n\t(No symbol) [0x00007FF775ABC977]\n\t(No symbol) [0x00007FF775A9CDD3]\n\t(No symbol) [0x00007FF775A6A33B]\n\t(No symbol) [0x00007FF775A6AED1]\n\tGetHandleVerifier [0x00007FF775EF8B1D+3217341]\n\tGetHandleVerifier [0x00007FF775F45AE3+3532675]\n\tGetHandleVerifier [0x00007FF775F3B0E0+3489152]\n\tGetHandleVerifier [0x00007FF775C9E776+750614]\n\t(No symbol) [0x00007FF775B7375F]\n\t(No symbol) [0x00007FF775B6EB14]\n\t(No symbol) [0x00007FF775B6ECA2]\n\t(No symbol) [0x00007FF775B5E16F]\n\tBaseThreadInitThunk [0x00007FFA0949257D+29]\n\tRtlUserThreadStart [0x00007FFA0A60AF28+40]","time":{"start":1721016720726,"stop":1721016720746,"duration":20}},{"uid":"16c6901e9597da39","status":"broken","statusDetails":"selenium.common.exceptions.NoSuchElementException: Message: no such element: Unable to locate element: {\"method\":\"xpath\",\"selector\":\"//div[@id=\"menu\"]//li//a[span[text()='Login']]\"}\n  (Session info: chrome=126.0.6478.127); For documentation on this error, please visit: https://www.selenium.dev/documentation/webdriver/troubleshooting/errors#no-such-element-exception\nStacktrace:\n\tGetHandleVerifier [0x00007FF70C54EEA2+31554]\n\t(No symbol) [0x00007FF70C4C7ED9]\n\t(No symbol) [0x00007FF70C38872A]\n\t(No symbol) [0x00007FF70C3D8434]\n\t(No symbol) [0x00007FF70C3D853C]\n\t(No symbol) [0x00007FF70C41F6A7]\n\t(No symbol) [0x00007FF70C3FD06F]\n\t(No symbol) [0x00007FF70C41C977]\n\t(No symbol) [0x00007FF70C3FCDD3]\n\t(No symbol) [0x00007FF70C3CA33B]\n\t(No symbol) [0x00007FF70C3CAED1]\n\tGetHandleVerifier [0x00007FF70C858B1D+3217341]\n\tGetHandleVerifier [0x00007FF70C8A5AE3+3532675]\n\tGetHandleVerifier [0x00007FF70C89B0E0+3489152]\n\tGetHandleVerifier [0x00007FF70C5FE776+750614]\n\t(No symbol) [0x00007FF70C4D375F]\n\t(No symbol) [0x00007FF70C4CEB14]\n\t(No symbol) [0x00007FF70C4CECA2]\n\t(No symbol) [0x00007FF70C4BE16F]\n\tBaseThreadInitThunk [0x00007FFA0949257D+29]\n\tRtlUserThreadStart [0x00007FFA0A60AF28+40]","time":{"start":1721016469291,"stop":1721016469293,"duration":2}},{"uid":"74aedaa5559a8172","status":"broken","statusDetails":"selenium.common.exceptions.NoSuchElementException: Message: no such element: Unable to locate element: {\"method\":\"xpath\",\"selector\":\"//div[@id=\"menu\"]//li//a[span[text()='Login']]\"}\n  (Session info: chrome=126.0.6478.127); For documentation on this error, please visit: https://www.selenium.dev/documentation/webdriver/troubleshooting/errors#no-such-element-exception\nStacktrace:\n\tGetHandleVerifier [0x00007FF7C189EEA2+31554]\n\t(No symbol) [0x00007FF7C1817ED9]\n\t(No symbol) [0x00007FF7C16D872A]\n\t(No symbol) [0x00007FF7C1728434]\n\t(No symbol) [0x00007FF7C172853C]\n\t(No symbol) [0x00007FF7C176F6A7]\n\t(No symbol) [0x00007FF7C174D06F]\n\t(No symbol) [0x00007FF7C176C977]\n\t(No symbol) [0x00007FF7C174CDD3]\n\t(No symbol) [0x00007FF7C171A33B]\n\t(No symbol) [0x00007FF7C171AED1]\n\tGetHandleVerifier [0x00007FF7C1BA8B1D+3217341]\n\tGetHandleVerifier [0x00007FF7C1BF5AE3+3532675]\n\tGetHandleVerifier [0x00007FF7C1BEB0E0+3489152]\n\tGetHandleVerifier [0x00007FF7C194E776+750614]\n\t(No symbol) [0x00007FF7C182375F]\n\t(No symbol) [0x00007FF7C181EB14]\n\t(No symbol) [0x00007FF7C181ECA2]\n\t(No symbol) [0x00007FF7C180E16F]\n\tBaseThreadInitThunk [0x00007FFA0949257D+29]\n\tRtlUserThreadStart [0x00007FFA0A60AF28+40]","time":{"start":1721016420743,"stop":1721016420757,"duration":14}}],"categories":[{"name":"Test defects","matchedStatuses":[],"flaky":false}],"history":{"statistic":{"failed":0,"broken":8,"skipped":0,"passed":0,"unknown":0,"total":8},"items":[{"uid":"45d4ab93c023957e","reportUrl":"http://localhost:8080/job/seleniumPython/13/allure/#testresult/45d4ab93c023957e","status":"broken","statusDetails":"AttributeError: 'TestLogin' object has no attribute 'driver'","time":{"start":1721027745111,"stop":1721027745111,"duration":0}},{"uid":"7f2ce762aea15cb7","reportUrl":"http://localhost:8080/job/seleniumPython/12/allure/#testresult/7f2ce762aea15cb7","status":"broken","statusDetails":"AttributeError: 'TestLogin' object has no attribute 'driver'","time":{"start":1721027745111,"stop":1721027745111,"duration":0}},{"uid":"8b09547eb09fb249","reportUrl":"http://localhost:8080/job/seleniumPython/11/allure/#testresult/8b09547eb09fb249","status":"broken","statusDetails":"AttributeError: 'TestLogin' object has no attribute 'driver'","time":{"start":1721027745111,"stop":1721027745111,"duration":0}},{"uid":"ad0f9f523d089cf8","reportUrl":"http://localhost:8080/job/seleniumPython/10/allure/#testresult/ad0f9f523d089cf8","status":"broken","statusDetails":"AttributeError: 'TestLogin' object has no attribute 'driver'","time":{"start":1721027745111,"stop":1721027745111,"duration":0}},{"uid":"3e03f3edd0620d34","reportUrl":"http://localhost:8080/job/seleniumPython/8/allure/#testresult/3e03f3edd0620d34","status":"broken","statusDetails":"AttributeError: 'TestLogin' object has no attribute 'driver'","time":{"start":1721027745111,"stop":1721027745111,"duration":0}},{"uid":"7c5f448d2a6a33c","reportUrl":"http://localhost:8080/job/seleniumPython/7/allure/#testresult/7c5f448d2a6a33c","status":"broken","statusDetails":"AttributeError: 'TestLogin' object has no attribute 'driver'","time":{"start":1721027745111,"stop":1721027745111,"duration":0}},{"uid":"d2a03a9912abde93","reportUrl":"http://localhost:8080/job/seleniumPython/6/allure/#testresult/d2a03a9912abde93","status":"broken","statusDetails":"selenium.common.exceptions.NoSuchElementException: Message: no such element: Unable to locate element: {\"method\":\"xpath\",\"selector\":\"//div[@id=\"menu\"]//li//a[span[text()='Login']]\"}\n  (Session info: chrome=126.0.6478.127); For documentation on this error, please visit: https://www.selenium.dev/documentation/webdriver/troubleshooting/errors#no-such-element-exception\nStacktrace:\n\tGetHandleVerifier [0x00007FF7C189EEA2+31554]\n\t(No symbol) [0x00007FF7C1817ED9]\n\t(No symbol) [0x00007FF7C16D872A]\n\t(No symbol) [0x00007FF7C1728434]\n\t(No symbol) [0x00007FF7C172853C]\n\t(No symbol) [0x00007FF7C176F6A7]\n\t(No symbol) [0x00007FF7C174D06F]\n\t(No symbol) [0x00007FF7C176C977]\n\t(No symbol) [0x00007FF7C174CDD3]\n\t(No symbol) [0x00007FF7C171A33B]\n\t(No symbol) [0x00007FF7C171AED1]\n\tGetHandleVerifier [0x00007FF7C1BA8B1D+3217341]\n\tGetHandleVerifier [0x00007FF7C1BF5AE3+3532675]\n\tGetHandleVerifier [0x00007FF7C1BEB0E0+3489152]\n\tGetHandleVerifier [0x00007FF7C194E776+750614]\n\t(No symbol) [0x00007FF7C182375F]\n\t(No symbol) [0x00007FF7C181EB14]\n\t(No symbol) [0x00007FF7C181ECA2]\n\t(No symbol) [0x00007FF7C180E16F]\n\tBaseThreadInitThunk [0x00007FFA0949257D+29]\n\tRtlUserThreadStart [0x00007FFA0A60AF28+40]","time":{"start":1721016420743,"stop":1721016420757,"duration":14}}]},"tags":["@pytest.mark.usefixtures('setup_and_teardown')"]},"source":"99babb89143cfe00.json","parameterValues":[]}