{"uid":"fa3608f8939ce6ec","name":"test_login_wrong_pws_manytime","fullName":"tests.test_login.TestLogin#test_login_wrong_pws_manytime","historyId":"4e96d6e7442c6f05e9317ee924afd076","time":{"start":1721027745127,"stop":1721027745127,"duration":0},"description":"\n        System shows message when user enters wrong password many times.\n        :return:\n        ","descriptionHtml":"<pre><code>    System shows message when user enters wrong password many times.\n    :return:\n</code></pre>\n","status":"broken","statusMessage":"AttributeError: 'TestLogin' object has no attribute 'driver'","statusTrace":"self = <tests.test_login.TestLogin object at 0x0000022E88E0F350>\n\n    @pytest.fixture(autouse=True)\n    def classSetup(self):\n>       self.login_page = LoginPage(self.driver)\nE       AttributeError: 'TestLogin' object has no attribute 'driver'\n\ntests\\test_login.py:16: AttributeError","flaky":false,"newFailed":false,"newBroken":false,"newPassed":false,"retriesCount":18,"retriesStatusChange":true,"beforeStages":[{"name":"classSetup","time":{"start":1721027745127,"stop":1721027745127,"duration":0},"status":"broken","statusMessage":"AttributeError: 'TestLogin' object has no attribute 'driver'\n","statusTrace":"  File \"F:\\AGEST\\Selenium\\SeleniumPython\\.venv\\Lib\\site-packages\\pluggy\\_callers.py\", line 167, in _multicall\n    teardown.throw(outcome._exception)\n  File \"F:\\AGEST\\Selenium\\SeleniumPython\\.venv\\Lib\\site-packages\\_pytest\\setuponly.py\", line 36, in pytest_fixture_setup\n    return (yield)\n            ^^^^^\n  File \"F:\\AGEST\\Selenium\\SeleniumPython\\.venv\\Lib\\site-packages\\pluggy\\_callers.py\", line 103, in _multicall\n    res = hook_impl.function(*args)\n          ^^^^^^^^^^^^^^^^^^^^^^^^^\n  File \"F:\\AGEST\\Selenium\\SeleniumPython\\.venv\\Lib\\site-packages\\_pytest\\fixtures.py\", line 1125, in pytest_fixture_setup\n    result = call_fixture_func(fixturefunc, request, kwargs)\n             ^^^^^^^^^^^^^^^^^^^^^^^^^^^^^^^^^^^^^^^^^^^^^^^\n  File \"F:\\AGEST\\Selenium\\SeleniumPython\\.venv\\Lib\\site-packages\\_pytest\\fixtures.py\", line 887, in call_fixture_func\n    fixture_result = fixturefunc(**kwargs)\n                     ^^^^^^^^^^^^^^^^^^^^^\n  File \"F:\\AGEST\\Selenium\\SeleniumPython\\tests\\test_login.py\", line 16, in classSetup\n    self.login_page = LoginPage(self.driver)\n                                ^^^^^^^^^^^\n","steps":[],"attachments":[],"parameters":[],"stepsCount":0,"attachmentStep":false,"shouldDisplayMessage":true,"attachmentsCount":0,"hasContent":true}],"afterStages":[],"labels":[{"name":"tag","value":"@pytest.mark.usefixtures('setup_and_teardown')"},{"name":"parentSuite","value":"tests"},{"name":"suite","value":"test_login"},{"name":"subSuite","value":"TestLogin"},{"name":"host","value":"DUYEN"},{"name":"thread","value":"29668-MainThread"},{"name":"framework","value":"pytest"},{"name":"language","value":"cpython3"},{"name":"package","value":"tests.test_login"},{"name":"resultFormat","value":"allure2"}],"parameters":[],"links":[],"hidden":false,"retry":false,"extra":{"severity":"normal","retries":[{"uid":"e7e6d1339a1725e5","status":"broken","statusDetails":"AttributeError: 'TestLogin' object has no attribute 'driver'","time":{"start":1721027653215,"stop":1721027653215,"duration":0}},{"uid":"565d769dbcce4ef2","status":"broken","statusDetails":"AttributeError: cls not available in module-scoped context","time":{"start":1721027609817,"stop":1721027609817,"duration":0}},{"uid":"382bfa8a9e27151d","status":"broken","statusDetails":"selenium.common.exceptions.NoSuchElementException: Message: no such element: Unable to locate element: {\"method\":\"xpath\",\"selector\":\"//div[@id=\"menu\"]//li//a[span[text()='Login']]\"}\n  (Session info: chrome=126.0.6478.127); For documentation on this error, please visit: https://www.selenium.dev/documentation/webdriver/troubleshooting/errors#no-such-element-exception\nStacktrace:\n\tGetHandleVerifier [0x00007FF76958EEA2+31554]\n\t(No symbol) [0x00007FF769507ED9]\n\t(No symbol) [0x00007FF7693C872A]\n\t(No symbol) [0x00007FF769418434]\n\t(No symbol) [0x00007FF76941853C]\n\t(No symbol) [0x00007FF76945F6A7]\n\t(No symbol) [0x00007FF76943D06F]\n\t(No symbol) [0x00007FF76945C977]\n\t(No symbol) [0x00007FF76943CDD3]\n\t(No symbol) [0x00007FF76940A33B]\n\t(No symbol) [0x00007FF76940AED1]\n\tGetHandleVerifier [0x00007FF769898B1D+3217341]\n\tGetHandleVerifier [0x00007FF7698E5AE3+3532675]\n\tGetHandleVerifier [0x00007FF7698DB0E0+3489152]\n\tGetHandleVerifier [0x00007FF76963E776+750614]\n\t(No symbol) [0x00007FF76951375F]\n\t(No symbol) [0x00007FF76950EB14]\n\t(No symbol) [0x00007FF76950ECA2]\n\t(No symbol) [0x00007FF7694FE16F]\n\tBaseThreadInitThunk [0x00007FFA0949257D+29]\n\tRtlUserThreadStart [0x00007FFA0A60AF28+40]","time":{"start":1721027355833,"stop":1721027355834,"duration":1}},{"uid":"97060f135d81beb4","status":"broken","statusDetails":"TypeError: classSetup() missing 1 required positional argument: 'self'","time":{"start":1721027185873,"stop":1721027185873,"duration":0}},{"uid":"6d937c9391d2e7ec","status":"broken","statusDetails":"AttributeError: 'TestLogin' object has no attribute 'driver'","time":{"start":1721026728030,"stop":1721026728030,"duration":0}},{"uid":"b2a128f9645f00e0","status":"broken","statusDetails":"selenium.common.exceptions.NoSuchElementException: Message: no such element: Unable to locate element: {\"method\":\"xpath\",\"selector\":\"//div[@id=\"menu\"]//li//a[span[text()='Login']]\"}\n  (Session info: chrome=126.0.6478.127); For documentation on this error, please visit: https://www.selenium.dev/documentation/webdriver/troubleshooting/errors#no-such-element-exception\nStacktrace:\n\tGetHandleVerifier [0x00007FF76958EEA2+31554]\n\t(No symbol) [0x00007FF769507ED9]\n\t(No symbol) [0x00007FF7693C872A]\n\t(No symbol) [0x00007FF769418434]\n\t(No symbol) [0x00007FF76941853C]\n\t(No symbol) [0x00007FF76945F6A7]\n\t(No symbol) [0x00007FF76943D06F]\n\t(No symbol) [0x00007FF76945C977]\n\t(No symbol) [0x00007FF76943CDD3]\n\t(No symbol) [0x00007FF76940A33B]\n\t(No symbol) [0x00007FF76940AED1]\n\tGetHandleVerifier [0x00007FF769898B1D+3217341]\n\tGetHandleVerifier [0x00007FF7698E5AE3+3532675]\n\tGetHandleVerifier [0x00007FF7698DB0E0+3489152]\n\tGetHandleVerifier [0x00007FF76963E776+750614]\n\t(No symbol) [0x00007FF76951375F]\n\t(No symbol) [0x00007FF76950EB14]\n\t(No symbol) [0x00007FF76950ECA2]\n\t(No symbol) [0x00007FF7694FE16F]\n\tBaseThreadInitThunk [0x00007FFA0949257D+29]\n\tRtlUserThreadStart [0x00007FFA0A60AF28+40]","time":{"start":1721026670739,"stop":1721026670739,"duration":0}},{"uid":"8f33feaaeb5a7411","status":"broken","statusDetails":"AttributeError: 'TestLogin' object has no attribute 'driver'","time":{"start":1721026310878,"stop":1721026310878,"duration":0}},{"uid":"fe24aad73e4450ef","status":"failed","statusDetails":"AssertionError: Time 1: Message doesn't display like expect.\nTime 2: Message doesn't display like expect.\nTime 3: Message doesn't display like expect.\nTime 4: Message doesn't display like expect.\nTime 5: Message doesn't display like expect.\nMessage which displays to info user that they will unable to login for 15m doesn't appears.","time":{"start":1721026189656,"stop":1721026198112,"duration":8456}},{"uid":"bbd17320400f12be","status":"broken","statusDetails":"AttributeError: 'TestLogin' object has no attribute 'driver'","time":{"start":1721026157140,"stop":1721026157140,"duration":0}},{"uid":"306b7d1a795954df","status":"broken","statusDetails":"AttributeError: 'TestLogin' object has no attribute 'driver'","time":{"start":1721017793718,"stop":1721017793718,"duration":0}},{"uid":"a1230981a3509fb9","status":"failed","statusDetails":"AssertionError: Time 1: Message doesn't display like expect.\nTime 2: Message doesn't display like expect.\nTime 3: Message doesn't display like expect.\nTime 4: Message doesn't display like expect.\nTime 5: Message doesn't display like expect.\nMessage which displays to info user that they will unable to login for 15m doesn't appears.","time":{"start":1721017033666,"stop":1721017043491,"duration":9825}},{"uid":"12a80aa621643554","status":"failed","statusDetails":"AssertionError: Time 1: Message doesn't display like expect.\nTime 2: Message doesn't display like expect.\nTime 3: Message doesn't display like expect.\nTime 4: Message doesn't display like expect.\nTime 5: Message doesn't display like expect.\nMessage which displays to info user that they will unable to login for 15m doesn't appears.","time":{"start":1721016989318,"stop":1721016998658,"duration":9340}},{"uid":"9c1901df46091491","status":"failed","statusDetails":"AssertionError: Time 1: Message doesn't display like expect.\nTime 2: Message doesn't display like expect.\nTime 3: Message doesn't display like expect.\nTime 4: Message doesn't display like expect.\nTime 5: Message doesn't display like expect.\nMessage which displays to info user that they will unable to login for 15m doesn't appears.","time":{"start":1721016932017,"stop":1721016940998,"duration":8981}},{"uid":"eca630975612ed96","status":"broken","statusDetails":"selenium.common.exceptions.NoSuchElementException: Message: no such element: Unable to locate element: {\"method\":\"xpath\",\"selector\":\"//div[@id=\"menu\"]//li//a[span[text()='Login']]\"}\n  (Session info: chrome=126.0.6478.127); For documentation on this error, please visit: https://www.selenium.dev/documentation/webdriver/troubleshooting/errors#no-such-element-exception\nStacktrace:\n\tGetHandleVerifier [0x00007FF775BEEEA2+31554]\n\t(No symbol) [0x00007FF775B67ED9]\n\t(No symbol) [0x00007FF775A2872A]\n\t(No symbol) [0x00007FF775A78434]\n\t(No symbol) [0x00007FF775A7853C]\n\t(No symbol) [0x00007FF775ABF6A7]\n\t(No symbol) [0x00007FF775A9D06F]\n\t(No symbol) [0x00007FF775ABC977]\n\t(No symbol) [0x00007FF775A9CDD3]\n\t(No symbol) [0x00007FF775A6A33B]\n\t(No symbol) [0x00007FF775A6AED1]\n\tGetHandleVerifier [0x00007FF775EF8B1D+3217341]\n\tGetHandleVerifier [0x00007FF775F45AE3+3532675]\n\tGetHandleVerifier [0x00007FF775F3B0E0+3489152]\n\tGetHandleVerifier [0x00007FF775C9E776+750614]\n\t(No symbol) [0x00007FF775B7375F]\n\t(No symbol) [0x00007FF775B6EB14]\n\t(No symbol) [0x00007FF775B6ECA2]\n\t(No symbol) [0x00007FF775B5E16F]\n\tBaseThreadInitThunk [0x00007FFA0949257D+29]\n\tRtlUserThreadStart [0x00007FFA0A60AF28+40]","time":{"start":1721016793657,"stop":1721016793674,"duration":17}},{"uid":"dadfe8b5a2de77fa","status":"broken","statusDetails":"selenium.common.exceptions.NoSuchElementException: Message: no such element: Unable to locate element: {\"method\":\"xpath\",\"selector\":\"//div[@id=\"menu\"]//li//a[span[text()='Login']]\"}\n  (Session info: chrome=126.0.6478.127); For documentation on this error, please visit: https://www.selenium.dev/documentation/webdriver/troubleshooting/errors#no-such-element-exception\nStacktrace:\n\tGetHandleVerifier [0x00007FF775BEEEA2+31554]\n\t(No symbol) [0x00007FF775B67ED9]\n\t(No symbol) [0x00007FF775A2872A]\n\t(No symbol) [0x00007FF775A78434]\n\t(No symbol) [0x00007FF775A7853C]\n\t(No symbol) [0x00007FF775ABF6A7]\n\t(No symbol) [0x00007FF775A9D06F]\n\t(No symbol) [0x00007FF775ABC977]\n\t(No symbol) [0x00007FF775A9CDD3]\n\t(No symbol) [0x00007FF775A6A33B]\n\t(No symbol) [0x00007FF775A6AED1]\n\tGetHandleVerifier [0x00007FF775EF8B1D+3217341]\n\tGetHandleVerifier [0x00007FF775F45AE3+3532675]\n\tGetHandleVerifier [0x00007FF775F3B0E0+3489152]\n\tGetHandleVerifier [0x00007FF775C9E776+750614]\n\t(No symbol) [0x00007FF775B7375F]\n\t(No symbol) [0x00007FF775B6EB14]\n\t(No symbol) [0x00007FF775B6ECA2]\n\t(No symbol) [0x00007FF775B5E16F]\n\tBaseThreadInitThunk [0x00007FFA0949257D+29]\n\tRtlUserThreadStart [0x00007FFA0A60AF28+40]","time":{"start":1721016721468,"stop":1721016721468,"duration":0}},{"uid":"a81b3a7ea72a2fd","status":"broken","statusDetails":"selenium.common.exceptions.NoSuchElementException: Message: no such element: Unable to locate element: {\"method\":\"xpath\",\"selector\":\"//div[@id=\"menu\"]//li//a[span[text()='Login']]\"}\n  (Session info: chrome=126.0.6478.127); For documentation on this error, please visit: https://www.selenium.dev/documentation/webdriver/troubleshooting/errors#no-such-element-exception\nStacktrace:\n\tGetHandleVerifier [0x00007FF70C54EEA2+31554]\n\t(No symbol) [0x00007FF70C4C7ED9]\n\t(No symbol) [0x00007FF70C38872A]\n\t(No symbol) [0x00007FF70C3D8434]\n\t(No symbol) [0x00007FF70C3D853C]\n\t(No symbol) [0x00007FF70C41F6A7]\n\t(No symbol) [0x00007FF70C3FD06F]\n\t(No symbol) [0x00007FF70C41C977]\n\t(No symbol) [0x00007FF70C3FCDD3]\n\t(No symbol) [0x00007FF70C3CA33B]\n\t(No symbol) [0x00007FF70C3CAED1]\n\tGetHandleVerifier [0x00007FF70C858B1D+3217341]\n\tGetHandleVerifier [0x00007FF70C8A5AE3+3532675]\n\tGetHandleVerifier [0x00007FF70C89B0E0+3489152]\n\tGetHandleVerifier [0x00007FF70C5FE776+750614]\n\t(No symbol) [0x00007FF70C4D375F]\n\t(No symbol) [0x00007FF70C4CEB14]\n\t(No symbol) [0x00007FF70C4CECA2]\n\t(No symbol) [0x00007FF70C4BE16F]\n\tBaseThreadInitThunk [0x00007FFA0949257D+29]\n\tRtlUserThreadStart [0x00007FFA0A60AF28+40]","time":{"start":1721016469984,"stop":1721016469984,"duration":0}},{"uid":"e116e5eb76a4c313","status":"broken","statusDetails":"selenium.common.exceptions.NoSuchElementException: Message: no such element: Unable to locate element: {\"method\":\"xpath\",\"selector\":\"//div[@id=\"menu\"]//li//a[span[text()='Login']]\"}\n  (Session info: chrome=126.0.6478.127); For documentation on this error, please visit: https://www.selenium.dev/documentation/webdriver/troubleshooting/errors#no-such-element-exception\nStacktrace:\n\tGetHandleVerifier [0x00007FF7C189EEA2+31554]\n\t(No symbol) [0x00007FF7C1817ED9]\n\t(No symbol) [0x00007FF7C16D872A]\n\t(No symbol) [0x00007FF7C1728434]\n\t(No symbol) [0x00007FF7C172853C]\n\t(No symbol) [0x00007FF7C176F6A7]\n\t(No symbol) [0x00007FF7C174D06F]\n\t(No symbol) [0x00007FF7C176C977]\n\t(No symbol) [0x00007FF7C174CDD3]\n\t(No symbol) [0x00007FF7C171A33B]\n\t(No symbol) [0x00007FF7C171AED1]\n\tGetHandleVerifier [0x00007FF7C1BA8B1D+3217341]\n\tGetHandleVerifier [0x00007FF7C1BF5AE3+3532675]\n\tGetHandleVerifier [0x00007FF7C1BEB0E0+3489152]\n\tGetHandleVerifier [0x00007FF7C194E776+750614]\n\t(No symbol) [0x00007FF7C182375F]\n\t(No symbol) [0x00007FF7C181EB14]\n\t(No symbol) [0x00007FF7C181ECA2]\n\t(No symbol) [0x00007FF7C180E16F]\n\tBaseThreadInitThunk [0x00007FFA0949257D+29]\n\tRtlUserThreadStart [0x00007FFA0A60AF28+40]","time":{"start":1721016421249,"stop":1721016421256,"duration":7}},{"uid":"a943ad557d41189e","status":"failed","statusDetails":"AssertionError: Time 1: Message doesn't display like expect.\nTime 2: Message doesn't display like expect.\nTime 3: Message doesn't display like expect.\nTime 4: Message doesn't display like expect.\nTime 5: Message doesn't display like expect.\nMessage which displays to info user that they will unable to login for 15m doesn't appears.","time":{"start":1720778346441,"stop":1720778357116,"duration":10675}}],"categories":[{"name":"Test defects","matchedStatuses":[],"flaky":false}],"history":{"statistic":{"failed":2,"broken":8,"skipped":0,"passed":0,"unknown":0,"total":10},"items":[{"uid":"50a72a8386ce34d","reportUrl":"http://localhost:8080/job/seleniumPython/13/allure/#testresult/50a72a8386ce34d","status":"broken","statusDetails":"AttributeError: 'TestLogin' object has no attribute 'driver'","time":{"start":1721027745127,"stop":1721027745127,"duration":0}},{"uid":"fbc650294da86e2d","reportUrl":"http://localhost:8080/job/seleniumPython/12/allure/#testresult/fbc650294da86e2d","status":"broken","statusDetails":"AttributeError: 'TestLogin' object has no attribute 'driver'","time":{"start":1721027745127,"stop":1721027745127,"duration":0}},{"uid":"b1fcdb5999aa0fa1","reportUrl":"http://localhost:8080/job/seleniumPython/11/allure/#testresult/b1fcdb5999aa0fa1","status":"broken","statusDetails":"AttributeError: 'TestLogin' object has no attribute 'driver'","time":{"start":1721027745127,"stop":1721027745127,"duration":0}},{"uid":"9c13141ee0ef9da9","reportUrl":"http://localhost:8080/job/seleniumPython/10/allure/#testresult/9c13141ee0ef9da9","status":"broken","statusDetails":"AttributeError: 'TestLogin' object has no attribute 'driver'","time":{"start":1721027745127,"stop":1721027745127,"duration":0}},{"uid":"83ddaa7ae48b6375","reportUrl":"http://localhost:8080/job/seleniumPython/8/allure/#testresult/83ddaa7ae48b6375","status":"broken","statusDetails":"AttributeError: 'TestLogin' object has no attribute 'driver'","time":{"start":1721027745127,"stop":1721027745127,"duration":0}},{"uid":"d6dd08e4c8b6a8df","reportUrl":"http://localhost:8080/job/seleniumPython/7/allure/#testresult/d6dd08e4c8b6a8df","status":"broken","statusDetails":"AttributeError: 'TestLogin' object has no attribute 'driver'","time":{"start":1721027745127,"stop":1721027745127,"duration":0}},{"uid":"bc5bf4a9980b4284","reportUrl":"http://localhost:8080/job/seleniumPython/6/allure/#testresult/bc5bf4a9980b4284","status":"broken","statusDetails":"selenium.common.exceptions.NoSuchElementException: Message: no such element: Unable to locate element: {\"method\":\"xpath\",\"selector\":\"//div[@id=\"menu\"]//li//a[span[text()='Login']]\"}\n  (Session info: chrome=126.0.6478.127); For documentation on this error, please visit: https://www.selenium.dev/documentation/webdriver/troubleshooting/errors#no-such-element-exception\nStacktrace:\n\tGetHandleVerifier [0x00007FF7C189EEA2+31554]\n\t(No symbol) [0x00007FF7C1817ED9]\n\t(No symbol) [0x00007FF7C16D872A]\n\t(No symbol) [0x00007FF7C1728434]\n\t(No symbol) [0x00007FF7C172853C]\n\t(No symbol) [0x00007FF7C176F6A7]\n\t(No symbol) [0x00007FF7C174D06F]\n\t(No symbol) [0x00007FF7C176C977]\n\t(No symbol) [0x00007FF7C174CDD3]\n\t(No symbol) [0x00007FF7C171A33B]\n\t(No symbol) [0x00007FF7C171AED1]\n\tGetHandleVerifier [0x00007FF7C1BA8B1D+3217341]\n\tGetHandleVerifier [0x00007FF7C1BF5AE3+3532675]\n\tGetHandleVerifier [0x00007FF7C1BEB0E0+3489152]\n\tGetHandleVerifier [0x00007FF7C194E776+750614]\n\t(No symbol) [0x00007FF7C182375F]\n\t(No symbol) [0x00007FF7C181EB14]\n\t(No symbol) [0x00007FF7C181ECA2]\n\t(No symbol) [0x00007FF7C180E16F]\n\tBaseThreadInitThunk [0x00007FFA0949257D+29]\n\tRtlUserThreadStart [0x00007FFA0A60AF28+40]","time":{"start":1721016421249,"stop":1721016421256,"duration":7}},{"uid":"a9a79608018f5c12","reportUrl":"http://localhost:8080/job/seleniumPython/4/allure/#testresult/a9a79608018f5c12","status":"failed","statusDetails":"AssertionError: Time 1: Message doesn't display like expect.\nTime 2: Message doesn't display like expect.\nTime 3: Message doesn't display like expect.\nTime 4: Message doesn't display like expect.\nTime 5: Message doesn't display like expect.\nMessage which displays to info user that they will unable to login for 15m doesn't appears.","time":{"start":1720778346441,"stop":1720778357116,"duration":10675}},{"uid":"75b27e10cfa856a3","reportUrl":"http://localhost:8080/job/seleniumPython/3/allure/#testresult/75b27e10cfa856a3","status":"failed","statusDetails":"AssertionError: Time 1: Message doesn't display like expect.\nTime 2: Message doesn't display like expect.\nTime 3: Message doesn't display like expect.\nTime 4: Message doesn't display like expect.\nTime 5: Message doesn't display like expect.\nMessage which displays to info user that they will unable to login for 15m doesn't appears.","time":{"start":1720778346441,"stop":1720778357116,"duration":10675}}]},"tags":["@pytest.mark.usefixtures('setup_and_teardown')"]},"source":"fa3608f8939ce6ec.json","parameterValues":[]}